[0.143s] DEBUG:colcon:Command line arguments: ['/usr/bin/colcon', 'build', '--merge-install']
[0.144s] DEBUG:colcon:Parsed command line arguments: Namespace(log_base=None, log_level=None, verb_name='build', build_base='build', install_base='install', merge_install=True, symlink_install=False, test_result_base=None, continue_on_error=False, executor='parallel', parallel_workers=8, event_handlers=None, ignore_user_meta=False, metas=['./colcon.meta'], base_paths=['.'], packages_ignore=None, packages_ignore_regex=None, paths=None, packages_up_to=None, packages_up_to_regex=None, packages_above=None, packages_above_and_dependencies=None, packages_above_depth=None, packages_select_by_dep=None, packages_skip_by_dep=None, packages_skip_up_to=None, packages_select_build_failed=False, packages_skip_build_finished=False, packages_select_test_failures=False, packages_skip_test_passed=False, packages_select=None, packages_skip=None, packages_select_regex=None, packages_skip_regex=None, packages_start=None, packages_end=None, allow_overriding=[], cmake_args=None, cmake_target=None, cmake_target_skip_unavailable=False, cmake_clean_cache=False, cmake_clean_first=False, cmake_force_configure=False, ament_cmake_args=None, catkin_cmake_args=None, catkin_skip_building_tests=False, mixin_files=None, mixin=None, verb_parser=<colcon_mixin.mixin.mixin_argument.MixinArgumentDecorator object at 0x74a6f9d93bc0>, verb_extension=<colcon_core.verb.build.BuildVerb object at 0x74a6f9d93920>, main=<bound method BuildVerb.main of <colcon_core.verb.build.BuildVerb object at 0x74a6f9d93920>>, mixin_verb=('build',))
[0.193s] Level 1:colcon.colcon_core.package_discovery:discover_packages(colcon_meta) check parameters
[0.193s] Level 1:colcon.colcon_core.package_discovery:discover_packages(recursive) check parameters
[0.193s] Level 1:colcon.colcon_core.package_discovery:discover_packages(ignore) check parameters
[0.193s] Level 1:colcon.colcon_core.package_discovery:discover_packages(path) check parameters
[0.193s] Level 1:colcon.colcon_core.package_discovery:discover_packages(colcon_meta) discover
[0.193s] Level 1:colcon.colcon_core.package_discovery:discover_packages(recursive) discover
[0.193s] INFO:colcon.colcon_core.package_discovery:Crawling recursively for packages in '/home/joeljebitto/workspace/01-ROS/01-BumperBot'
[0.193s] Level 1:colcon.colcon_core.package_identification:_identify(.) by extensions ['ignore', 'ignore_ament_install']
[0.193s] Level 1:colcon.colcon_core.package_identification:_identify(.) by extension 'ignore'
[0.193s] Level 1:colcon.colcon_core.package_identification:_identify(.) by extension 'ignore_ament_install'
[0.193s] Level 1:colcon.colcon_core.package_identification:_identify(.) by extensions ['colcon_pkg']
[0.193s] Level 1:colcon.colcon_core.package_identification:_identify(.) by extension 'colcon_pkg'
[0.193s] Level 1:colcon.colcon_core.package_identification:_identify(.) by extensions ['colcon_meta']
[0.194s] Level 1:colcon.colcon_core.package_identification:_identify(.) by extension 'colcon_meta'
[0.194s] Level 1:colcon.colcon_core.package_identification:_identify(.) by extensions ['ros']
[0.194s] Level 1:colcon.colcon_core.package_identification:_identify(.) by extension 'ros'
[0.216s] Level 1:colcon.colcon_core.package_identification:_identify(.) by extensions ['cmake', 'python']
[0.216s] Level 1:colcon.colcon_core.package_identification:_identify(.) by extension 'cmake'
[0.216s] Level 1:colcon.colcon_core.package_identification:_identify(.) by extension 'python'
[0.216s] Level 1:colcon.colcon_core.package_identification:_identify(.) by extensions ['python_setup_py']
[0.216s] Level 1:colcon.colcon_core.package_identification:_identify(.) by extension 'python_setup_py'
[0.216s] Level 1:colcon.colcon_core.package_identification:_identify(build) by extensions ['ignore', 'ignore_ament_install']
[0.217s] Level 1:colcon.colcon_core.package_identification:_identify(build) by extension 'ignore'
[0.217s] Level 1:colcon.colcon_core.package_identification:_identify(build) ignored
[0.217s] Level 1:colcon.colcon_core.package_identification:_identify(install) by extensions ['ignore', 'ignore_ament_install']
[0.217s] Level 1:colcon.colcon_core.package_identification:_identify(install) by extension 'ignore'
[0.217s] Level 1:colcon.colcon_core.package_identification:_identify(install) ignored
[0.217s] Level 1:colcon.colcon_core.package_identification:_identify(log) by extensions ['ignore', 'ignore_ament_install']
[0.217s] Level 1:colcon.colcon_core.package_identification:_identify(log) by extension 'ignore'
[0.217s] Level 1:colcon.colcon_core.package_identification:_identify(log) ignored
[0.217s] Level 1:colcon.colcon_core.package_identification:_identify(src) by extensions ['ignore', 'ignore_ament_install']
[0.217s] Level 1:colcon.colcon_core.package_identification:_identify(src) by extension 'ignore'
[0.217s] Level 1:colcon.colcon_core.package_identification:_identify(src) by extension 'ignore_ament_install'
[0.217s] Level 1:colcon.colcon_core.package_identification:_identify(src) by extensions ['colcon_pkg']
[0.217s] Level 1:colcon.colcon_core.package_identification:_identify(src) by extension 'colcon_pkg'
[0.217s] Level 1:colcon.colcon_core.package_identification:_identify(src) by extensions ['colcon_meta']
[0.217s] Level 1:colcon.colcon_core.package_identification:_identify(src) by extension 'colcon_meta'
[0.217s] Level 1:colcon.colcon_core.package_identification:_identify(src) by extensions ['ros']
[0.218s] Level 1:colcon.colcon_core.package_identification:_identify(src) by extension 'ros'
[0.218s] Level 1:colcon.colcon_core.package_identification:_identify(src) by extensions ['cmake', 'python']
[0.218s] Level 1:colcon.colcon_core.package_identification:_identify(src) by extension 'cmake'
[0.218s] Level 1:colcon.colcon_core.package_identification:_identify(src) by extension 'python'
[0.218s] Level 1:colcon.colcon_core.package_identification:_identify(src) by extensions ['python_setup_py']
[0.218s] Level 1:colcon.colcon_core.package_identification:_identify(src) by extension 'python_setup_py'
[0.218s] Level 1:colcon.colcon_core.package_identification:_identify(src/bumper_bot_cpp_examples) by extensions ['ignore', 'ignore_ament_install']
[0.218s] Level 1:colcon.colcon_core.package_identification:_identify(src/bumper_bot_cpp_examples) by extension 'ignore'
[0.218s] Level 1:colcon.colcon_core.package_identification:_identify(src/bumper_bot_cpp_examples) by extension 'ignore_ament_install'
[0.218s] Level 1:colcon.colcon_core.package_identification:_identify(src/bumper_bot_cpp_examples) by extensions ['colcon_pkg']
[0.218s] Level 1:colcon.colcon_core.package_identification:_identify(src/bumper_bot_cpp_examples) by extension 'colcon_pkg'
[0.218s] Level 1:colcon.colcon_core.package_identification:_identify(src/bumper_bot_cpp_examples) by extensions ['colcon_meta']
[0.218s] Level 1:colcon.colcon_core.package_identification:_identify(src/bumper_bot_cpp_examples) by extension 'colcon_meta'
[0.218s] Level 1:colcon.colcon_core.package_identification:_identify(src/bumper_bot_cpp_examples) by extensions ['ros']
[0.218s] Level 1:colcon.colcon_core.package_identification:_identify(src/bumper_bot_cpp_examples) by extension 'ros'
[0.220s] DEBUG:colcon.colcon_core.package_identification:Package 'src/bumper_bot_cpp_examples' with type 'ros.ament_cmake' and name 'bumper_bot_cpp_examples'
[0.220s] Level 1:colcon.colcon_core.package_identification:_identify(src/bumper_bot_py_examples) by extensions ['ignore', 'ignore_ament_install']
[0.221s] Level 1:colcon.colcon_core.package_identification:_identify(src/bumper_bot_py_examples) by extension 'ignore'
[0.221s] Level 1:colcon.colcon_core.package_identification:_identify(src/bumper_bot_py_examples) by extension 'ignore_ament_install'
[0.221s] Level 1:colcon.colcon_core.package_identification:_identify(src/bumper_bot_py_examples) by extensions ['colcon_pkg']
[0.221s] Level 1:colcon.colcon_core.package_identification:_identify(src/bumper_bot_py_examples) by extension 'colcon_pkg'
[0.221s] Level 1:colcon.colcon_core.package_identification:_identify(src/bumper_bot_py_examples) by extensions ['colcon_meta']
[0.221s] Level 1:colcon.colcon_core.package_identification:_identify(src/bumper_bot_py_examples) by extension 'colcon_meta'
[0.221s] Level 1:colcon.colcon_core.package_identification:_identify(src/bumper_bot_py_examples) by extensions ['ros']
[0.221s] Level 1:colcon.colcon_core.package_identification:_identify(src/bumper_bot_py_examples) by extension 'ros'
[0.221s] DEBUG:colcon.colcon_core.package_identification:Package 'src/bumper_bot_py_examples' with type 'ros.ament_python' and name 'bumper_bot_py_examples'
[0.221s] Level 1:colcon.colcon_core.package_discovery:discover_packages(recursive) using defaults
[0.222s] Level 1:colcon.colcon_core.package_discovery:discover_packages(ignore) discover
[0.222s] Level 1:colcon.colcon_core.package_discovery:discover_packages(ignore) using defaults
[0.222s] Level 1:colcon.colcon_core.package_discovery:discover_packages(path) discover
[0.222s] Level 1:colcon.colcon_core.package_discovery:discover_packages(path) using defaults
[0.242s] Level 1:colcon.colcon_core.package_discovery:discover_packages(prefix_path) check parameters
[0.242s] Level 1:colcon.colcon_core.package_discovery:discover_packages(prefix_path) discover
[0.245s] DEBUG:colcon.colcon_installed_package_information.package_discovery:Found 383 installed packages in /opt/ros/jazzy
[0.247s] Level 1:colcon.colcon_core.package_discovery:discover_packages(prefix_path) using defaults
[0.300s] Level 5:colcon.colcon_core.verb:set package 'bumper_bot_cpp_examples' build argument 'cmake_args' from command line to 'None'
[0.300s] Level 5:colcon.colcon_core.verb:set package 'bumper_bot_cpp_examples' build argument 'cmake_target' from command line to 'None'
[0.300s] Level 5:colcon.colcon_core.verb:set package 'bumper_bot_cpp_examples' build argument 'cmake_target_skip_unavailable' from command line to 'False'
[0.300s] Level 5:colcon.colcon_core.verb:set package 'bumper_bot_cpp_examples' build argument 'cmake_clean_cache' from command line to 'False'
[0.300s] Level 5:colcon.colcon_core.verb:set package 'bumper_bot_cpp_examples' build argument 'cmake_clean_first' from command line to 'False'
[0.300s] Level 5:colcon.colcon_core.verb:set package 'bumper_bot_cpp_examples' build argument 'cmake_force_configure' from command line to 'False'
[0.300s] Level 5:colcon.colcon_core.verb:set package 'bumper_bot_cpp_examples' build argument 'ament_cmake_args' from command line to 'None'
[0.300s] Level 5:colcon.colcon_core.verb:set package 'bumper_bot_cpp_examples' build argument 'catkin_cmake_args' from command line to 'None'
[0.300s] Level 5:colcon.colcon_core.verb:set package 'bumper_bot_cpp_examples' build argument 'catkin_skip_building_tests' from command line to 'False'
[0.300s] DEBUG:colcon.colcon_core.verb:Building package 'bumper_bot_cpp_examples' with the following arguments: {'ament_cmake_args': None, 'build_base': '/home/joeljebitto/workspace/01-ROS/01-BumperBot/build/bumper_bot_cpp_examples', 'catkin_cmake_args': None, 'catkin_skip_building_tests': False, 'cmake_args': None, 'cmake_clean_cache': False, 'cmake_clean_first': False, 'cmake_force_configure': False, 'cmake_target': None, 'cmake_target_skip_unavailable': False, 'install_base': '/home/joeljebitto/workspace/01-ROS/01-BumperBot/install', 'merge_install': True, 'path': '/home/joeljebitto/workspace/01-ROS/01-BumperBot/src/bumper_bot_cpp_examples', 'symlink_install': False, 'test_result_base': None}
[0.300s] Level 5:colcon.colcon_core.verb:set package 'bumper_bot_py_examples' build argument 'cmake_args' from command line to 'None'
[0.300s] Level 5:colcon.colcon_core.verb:set package 'bumper_bot_py_examples' build argument 'cmake_target' from command line to 'None'
[0.300s] Level 5:colcon.colcon_core.verb:set package 'bumper_bot_py_examples' build argument 'cmake_target_skip_unavailable' from command line to 'False'
[0.300s] Level 5:colcon.colcon_core.verb:set package 'bumper_bot_py_examples' build argument 'cmake_clean_cache' from command line to 'False'
[0.300s] Level 5:colcon.colcon_core.verb:set package 'bumper_bot_py_examples' build argument 'cmake_clean_first' from command line to 'False'
[0.300s] Level 5:colcon.colcon_core.verb:set package 'bumper_bot_py_examples' build argument 'cmake_force_configure' from command line to 'False'
[0.300s] Level 5:colcon.colcon_core.verb:set package 'bumper_bot_py_examples' build argument 'ament_cmake_args' from command line to 'None'
[0.300s] Level 5:colcon.colcon_core.verb:set package 'bumper_bot_py_examples' build argument 'catkin_cmake_args' from command line to 'None'
[0.300s] Level 5:colcon.colcon_core.verb:set package 'bumper_bot_py_examples' build argument 'catkin_skip_building_tests' from command line to 'False'
[0.301s] DEBUG:colcon.colcon_core.verb:Building package 'bumper_bot_py_examples' with the following arguments: {'ament_cmake_args': None, 'build_base': '/home/joeljebitto/workspace/01-ROS/01-BumperBot/build/bumper_bot_py_examples', 'catkin_cmake_args': None, 'catkin_skip_building_tests': False, 'cmake_args': None, 'cmake_clean_cache': False, 'cmake_clean_first': False, 'cmake_force_configure': False, 'cmake_target': None, 'cmake_target_skip_unavailable': False, 'install_base': '/home/joeljebitto/workspace/01-ROS/01-BumperBot/install', 'merge_install': True, 'path': '/home/joeljebitto/workspace/01-ROS/01-BumperBot/src/bumper_bot_py_examples', 'symlink_install': False, 'test_result_base': None}
[0.301s] INFO:colcon.colcon_core.executor:Executing jobs using 'parallel' executor
[0.301s] DEBUG:colcon.colcon_parallel_executor.executor.parallel:run_until_complete
[0.301s] INFO:colcon.colcon_ros.task.ament_cmake.build:Building ROS package in '/home/joeljebitto/workspace/01-ROS/01-BumperBot/src/bumper_bot_cpp_examples' with build type 'ament_cmake'
[0.302s] INFO:colcon.colcon_cmake.task.cmake.build:Building CMake package in '/home/joeljebitto/workspace/01-ROS/01-BumperBot/src/bumper_bot_cpp_examples'
[0.304s] INFO:colcon.colcon_core.plugin_system:Skipping extension 'colcon_core.shell.bat': Not used on non-Windows systems
[0.304s] INFO:colcon.colcon_core.shell:Skip shell extension 'powershell' for command environment: Not usable outside of PowerShell
[0.304s] DEBUG:colcon.colcon_core.shell:Skip shell extension 'dsv' for command environment
[0.307s] INFO:colcon.colcon_ros.task.ament_python.build:Building ROS package in '/home/joeljebitto/workspace/01-ROS/01-BumperBot/src/bumper_bot_py_examples' with build type 'ament_python'
[0.308s] Level 1:colcon.colcon_core.shell:create_environment_hook('bumper_bot_py_examples', 'ament_prefix_path')
[0.308s] INFO:colcon.colcon_core.shell:Creating environment hook '/home/joeljebitto/workspace/01-ROS/01-BumperBot/install/share/bumper_bot_py_examples/hook/ament_prefix_path.ps1'
[0.308s] INFO:colcon.colcon_core.shell:Creating environment descriptor '/home/joeljebitto/workspace/01-ROS/01-BumperBot/install/share/bumper_bot_py_examples/hook/ament_prefix_path.dsv'
[0.309s] INFO:colcon.colcon_core.shell:Creating environment hook '/home/joeljebitto/workspace/01-ROS/01-BumperBot/install/share/bumper_bot_py_examples/hook/ament_prefix_path.sh'
[0.309s] INFO:colcon.colcon_core.shell:Skip shell extension 'powershell' for command environment: Not usable outside of PowerShell
[0.309s] DEBUG:colcon.colcon_core.shell:Skip shell extension 'dsv' for command environment
[0.317s] DEBUG:colcon.colcon_core.event_handler.log_command:Invoking command in '/home/joeljebitto/workspace/01-ROS/01-BumperBot/build/bumper_bot_cpp_examples': CMAKE_PREFIX_PATH=${CMAKE_PREFIX_PATH}:/opt/ros/jazzy DEBUGINFOD_URLS=https://debuginfod.ubuntu.com /usr/bin/cmake --build /home/joeljebitto/workspace/01-ROS/01-BumperBot/build/bumper_bot_cpp_examples -- -j8 -l8
[0.663s] INFO:colcon.colcon_core.task.python.build:Building Python package in '/home/joeljebitto/workspace/01-ROS/01-BumperBot/src/bumper_bot_py_examples'
[0.664s] INFO:colcon.colcon_core.shell:Skip shell extension 'powershell' for command environment: Not usable outside of PowerShell
[0.664s] DEBUG:colcon.colcon_core.shell:Skip shell extension 'dsv' for command environment
[1.453s] DEBUG:colcon.colcon_core.event_handler.log_command:Invoking command in '/home/joeljebitto/workspace/01-ROS/01-BumperBot/src/bumper_bot_py_examples': DEBUGINFOD_URLS=https://debuginfod.ubuntu.com PYTHONPATH=/home/joeljebitto/workspace/01-ROS/01-BumperBot/build/bumper_bot_py_examples/prefix_override:/usr/lib/python3/dist-packages/colcon_core/task/python/colcon_distutils_commands:/home/joeljebitto/workspace/01-ROS/01-BumperBot/install/lib/python3.12/site-packages:${PYTHONPATH} /usr/bin/python3 -W ignore:setup.py install is deprecated -W ignore:easy_install command is deprecated setup.py egg_info --egg-base ../../build/bumper_bot_py_examples build --build-base /home/joeljebitto/workspace/01-ROS/01-BumperBot/build/bumper_bot_py_examples/build install --record /home/joeljebitto/workspace/01-ROS/01-BumperBot/build/bumper_bot_py_examples/install.log --single-version-externally-managed install_data
[2.135s] DEBUG:colcon.colcon_core.event_handler.log_command:Invoked command in '/home/joeljebitto/workspace/01-ROS/01-BumperBot/src/bumper_bot_py_examples' returned '0': DEBUGINFOD_URLS=https://debuginfod.ubuntu.com PYTHONPATH=/home/joeljebitto/workspace/01-ROS/01-BumperBot/build/bumper_bot_py_examples/prefix_override:/usr/lib/python3/dist-packages/colcon_core/task/python/colcon_distutils_commands:/home/joeljebitto/workspace/01-ROS/01-BumperBot/install/lib/python3.12/site-packages:${PYTHONPATH} /usr/bin/python3 -W ignore:setup.py install is deprecated -W ignore:easy_install command is deprecated setup.py egg_info --egg-base ../../build/bumper_bot_py_examples build --build-base /home/joeljebitto/workspace/01-ROS/01-BumperBot/build/bumper_bot_py_examples/build install --record /home/joeljebitto/workspace/01-ROS/01-BumperBot/build/bumper_bot_py_examples/install.log --single-version-externally-managed install_data
[2.138s] Level 1:colcon.colcon_core.environment:checking '/home/joeljebitto/workspace/01-ROS/01-BumperBot/install' for CMake module files
[2.139s] Level 1:colcon.colcon_core.environment:checking '/home/joeljebitto/workspace/01-ROS/01-BumperBot/install' for CMake config files
[2.139s] Level 1:colcon.colcon_core.shell:create_environment_hook('bumper_bot_py_examples', 'cmake_prefix_path')
[2.139s] INFO:colcon.colcon_core.shell:Creating environment hook '/home/joeljebitto/workspace/01-ROS/01-BumperBot/install/share/bumper_bot_py_examples/hook/cmake_prefix_path.ps1'
[2.139s] INFO:colcon.colcon_core.shell:Creating environment descriptor '/home/joeljebitto/workspace/01-ROS/01-BumperBot/install/share/bumper_bot_py_examples/hook/cmake_prefix_path.dsv'
[2.140s] INFO:colcon.colcon_core.shell:Creating environment hook '/home/joeljebitto/workspace/01-ROS/01-BumperBot/install/share/bumper_bot_py_examples/hook/cmake_prefix_path.sh'
[2.140s] Level 1:colcon.colcon_core.environment:checking '/home/joeljebitto/workspace/01-ROS/01-BumperBot/install/lib'
[2.141s] Level 1:colcon.colcon_core.environment:checking '/home/joeljebitto/workspace/01-ROS/01-BumperBot/install/bin'
[2.141s] Level 1:colcon.colcon_core.environment:checking '/home/joeljebitto/workspace/01-ROS/01-BumperBot/install/lib/pkgconfig/bumper_bot_py_examples.pc'
[2.141s] Level 1:colcon.colcon_core.environment:checking '/home/joeljebitto/workspace/01-ROS/01-BumperBot/install/lib/python3.12/site-packages'
[2.141s] Level 1:colcon.colcon_core.shell:create_environment_hook('bumper_bot_py_examples', 'pythonpath')
[2.141s] INFO:colcon.colcon_core.shell:Creating environment hook '/home/joeljebitto/workspace/01-ROS/01-BumperBot/install/share/bumper_bot_py_examples/hook/pythonpath.ps1'
[2.142s] INFO:colcon.colcon_core.shell:Creating environment descriptor '/home/joeljebitto/workspace/01-ROS/01-BumperBot/install/share/bumper_bot_py_examples/hook/pythonpath.dsv'
[2.142s] INFO:colcon.colcon_core.shell:Creating environment hook '/home/joeljebitto/workspace/01-ROS/01-BumperBot/install/share/bumper_bot_py_examples/hook/pythonpath.sh'
[2.142s] Level 1:colcon.colcon_core.environment:checking '/home/joeljebitto/workspace/01-ROS/01-BumperBot/install/bin'
[2.143s] Level 1:colcon.colcon_core.environment:create_environment_scripts_only(bumper_bot_py_examples)
[2.143s] INFO:colcon.colcon_core.shell:Creating package script '/home/joeljebitto/workspace/01-ROS/01-BumperBot/install/share/bumper_bot_py_examples/package.ps1'
[2.143s] INFO:colcon.colcon_core.shell:Creating package descriptor '/home/joeljebitto/workspace/01-ROS/01-BumperBot/install/share/bumper_bot_py_examples/package.dsv'
[2.144s] INFO:colcon.colcon_core.shell:Creating package script '/home/joeljebitto/workspace/01-ROS/01-BumperBot/install/share/bumper_bot_py_examples/package.sh'
[2.145s] INFO:colcon.colcon_core.shell:Creating package script '/home/joeljebitto/workspace/01-ROS/01-BumperBot/install/share/bumper_bot_py_examples/package.bash'
[2.145s] INFO:colcon.colcon_core.shell:Creating package script '/home/joeljebitto/workspace/01-ROS/01-BumperBot/install/share/bumper_bot_py_examples/package.zsh'
[2.146s] Level 1:colcon.colcon_core.environment:create_file_with_runtime_dependencies(/home/joeljebitto/workspace/01-ROS/01-BumperBot/install/share/colcon-core/packages/bumper_bot_py_examples)
[8.294s] DEBUG:colcon.colcon_core.event_handler.log_command:Invoked command in '/home/joeljebitto/workspace/01-ROS/01-BumperBot/build/bumper_bot_cpp_examples' returned '2': CMAKE_PREFIX_PATH=${CMAKE_PREFIX_PATH}:/opt/ros/jazzy DEBUGINFOD_URLS=https://debuginfod.ubuntu.com /usr/bin/cmake --build /home/joeljebitto/workspace/01-ROS/01-BumperBot/build/bumper_bot_cpp_examples -- -j8 -l8
[8.295s] Level 1:colcon.colcon_core.environment:create_environment_scripts_only(bumper_bot_cpp_examples)
[8.295s] Level 1:colcon.colcon_core.environment:checking '/home/joeljebitto/workspace/01-ROS/01-BumperBot/install' for CMake module files
[8.296s] Level 1:colcon.colcon_core.environment:checking '/home/joeljebitto/workspace/01-ROS/01-BumperBot/install' for CMake config files
[8.296s] Level 1:colcon.colcon_core.shell:create_environment_hook('bumper_bot_cpp_examples', 'cmake_prefix_path')
[8.296s] INFO:colcon.colcon_core.shell:Creating environment hook '/home/joeljebitto/workspace/01-ROS/01-BumperBot/install/share/bumper_bot_cpp_examples/hook/cmake_prefix_path.ps1'
[8.296s] INFO:colcon.colcon_core.shell:Creating environment descriptor '/home/joeljebitto/workspace/01-ROS/01-BumperBot/install/share/bumper_bot_cpp_examples/hook/cmake_prefix_path.dsv'
[8.297s] INFO:colcon.colcon_core.shell:Creating environment hook '/home/joeljebitto/workspace/01-ROS/01-BumperBot/install/share/bumper_bot_cpp_examples/hook/cmake_prefix_path.sh'
[8.297s] Level 1:colcon.colcon_core.environment:checking '/home/joeljebitto/workspace/01-ROS/01-BumperBot/install/lib'
[8.297s] Level 1:colcon.colcon_core.environment:checking '/home/joeljebitto/workspace/01-ROS/01-BumperBot/install/bin'
[8.298s] Level 1:colcon.colcon_core.environment:checking '/home/joeljebitto/workspace/01-ROS/01-BumperBot/install/lib/pkgconfig/bumper_bot_cpp_examples.pc'
[8.298s] Level 1:colcon.colcon_core.environment:checking '/home/joeljebitto/workspace/01-ROS/01-BumperBot/install/lib/python3.12/site-packages'
[8.298s] Level 1:colcon.colcon_core.shell:create_environment_hook('bumper_bot_cpp_examples', 'pythonpath')
[8.298s] INFO:colcon.colcon_core.shell:Creating environment hook '/home/joeljebitto/workspace/01-ROS/01-BumperBot/install/share/bumper_bot_cpp_examples/hook/pythonpath.ps1'
[8.298s] INFO:colcon.colcon_core.shell:Creating environment descriptor '/home/joeljebitto/workspace/01-ROS/01-BumperBot/install/share/bumper_bot_cpp_examples/hook/pythonpath.dsv'
[8.299s] INFO:colcon.colcon_core.shell:Creating environment hook '/home/joeljebitto/workspace/01-ROS/01-BumperBot/install/share/bumper_bot_cpp_examples/hook/pythonpath.sh'
[8.299s] Level 1:colcon.colcon_core.environment:checking '/home/joeljebitto/workspace/01-ROS/01-BumperBot/install/bin'
[8.300s] INFO:colcon.colcon_core.shell:Creating package script '/home/joeljebitto/workspace/01-ROS/01-BumperBot/install/share/bumper_bot_cpp_examples/package.ps1'
[8.300s] INFO:colcon.colcon_core.shell:Creating package descriptor '/home/joeljebitto/workspace/01-ROS/01-BumperBot/install/share/bumper_bot_cpp_examples/package.dsv'
[8.301s] INFO:colcon.colcon_core.shell:Creating package script '/home/joeljebitto/workspace/01-ROS/01-BumperBot/install/share/bumper_bot_cpp_examples/package.sh'
[8.301s] INFO:colcon.colcon_core.shell:Creating package script '/home/joeljebitto/workspace/01-ROS/01-BumperBot/install/share/bumper_bot_cpp_examples/package.bash'
[8.302s] INFO:colcon.colcon_core.shell:Creating package script '/home/joeljebitto/workspace/01-ROS/01-BumperBot/install/share/bumper_bot_cpp_examples/package.zsh'
[8.302s] Level 1:colcon.colcon_core.environment:create_file_with_runtime_dependencies(/home/joeljebitto/workspace/01-ROS/01-BumperBot/install/share/colcon-core/packages/bumper_bot_cpp_examples)
[8.313s] DEBUG:colcon.colcon_parallel_executor.executor.parallel:closing loop
[8.313s] DEBUG:colcon.colcon_parallel_executor.executor.parallel:loop closed
[8.313s] DEBUG:colcon.colcon_parallel_executor.executor.parallel:run_until_complete finished with '2'
[8.314s] DEBUG:colcon.colcon_core.event_reactor:joining thread
[8.320s] INFO:colcon.colcon_core.plugin_system:Skipping extension 'colcon_notification.desktop_notification.terminal_notifier': Not used on non-Darwin systems
[8.320s] INFO:colcon.colcon_core.plugin_system:Skipping extension 'colcon_notification.desktop_notification.win32': Not used on non-Windows systems
[8.320s] INFO:colcon.colcon_notification.desktop_notification:Sending desktop notification using 'notify2'
[8.351s] DEBUG:colcon.colcon_core.event_reactor:joined thread
[8.351s] INFO:colcon.colcon_core.shell:Creating prefix script '/home/joeljebitto/workspace/01-ROS/01-BumperBot/install/local_setup.ps1'
[8.352s] INFO:colcon.colcon_core.shell:Creating prefix util module '/home/joeljebitto/workspace/01-ROS/01-BumperBot/install/_local_setup_util_ps1.py'
[8.353s] INFO:colcon.colcon_core.shell:Creating prefix chain script '/home/joeljebitto/workspace/01-ROS/01-BumperBot/install/setup.ps1'
[8.354s] INFO:colcon.colcon_core.shell:Creating prefix script '/home/joeljebitto/workspace/01-ROS/01-BumperBot/install/local_setup.sh'
[8.354s] INFO:colcon.colcon_core.shell:Creating prefix util module '/home/joeljebitto/workspace/01-ROS/01-BumperBot/install/_local_setup_util_sh.py'
[8.355s] INFO:colcon.colcon_core.shell:Creating prefix chain script '/home/joeljebitto/workspace/01-ROS/01-BumperBot/install/setup.sh'
[8.356s] INFO:colcon.colcon_core.shell:Creating prefix script '/home/joeljebitto/workspace/01-ROS/01-BumperBot/install/local_setup.bash'
[8.357s] INFO:colcon.colcon_core.shell:Creating prefix chain script '/home/joeljebitto/workspace/01-ROS/01-BumperBot/install/setup.bash'
[8.358s] INFO:colcon.colcon_core.shell:Creating prefix script '/home/joeljebitto/workspace/01-ROS/01-BumperBot/install/local_setup.zsh'
[8.358s] INFO:colcon.colcon_core.shell:Creating prefix chain script '/home/joeljebitto/workspace/01-ROS/01-BumperBot/install/setup.zsh'
