[0.040s] Invoking command in '/home/joeljebitto/workspace/01-ROS/01-BumperBot/build/bumper_bot_cpp_examples': CMAKE_PREFIX_PATH=${CMAKE_PREFIX_PATH}:/opt/ros/jazzy DEBUGINFOD_URLS=https://debuginfod.ubuntu.com /usr/bin/cmake /home/joeljebitto/workspace/01-ROS/01-BumperBot/src/bumper_bot_cpp_examples -DCMAKE_INSTALL_PREFIX=/home/joeljebitto/workspace/01-ROS/01-BumperBot/install/bumper_bot_cpp_examples
[0.351s] -- The C compiler identification is GNU 13.3.0
[0.461s] -- The CXX compiler identification is GNU 13.3.0
[0.476s] -- Detecting C compiler ABI info
[0.554s] -- Detecting C compiler ABI info - done
[0.567s] -- Check for working C compiler: /usr/bin/cc - skipped
[0.567s] -- Detecting C compile features
[0.568s] -- Detecting C compile features - done
[0.580s] -- Detecting CXX compiler ABI info
[0.735s] -- Detecting CXX compiler ABI info - done
[0.743s] -- Check for working CXX compiler: /usr/bin/c++ - skipped
[0.743s] -- Detecting CXX compile features
[0.744s] -- Detecting CXX compile features - done
[0.752s] -- Found ament_cmake: 2.5.4 (/opt/ros/jazzy/share/ament_cmake/cmake)
[0.873s] -- Found Python3: /usr/bin/python3 (found version "3.12.3") found components: Interpreter 
[0.983s] -- Found ament_lint_auto: 0.17.2 (/opt/ros/jazzy/share/ament_lint_auto/cmake)
[1.092s] -- Added test 'lint_cmake' to check CMake code style
[1.094s] -- Added test 'xmllint' to check XML markup files
[1.096s] -- Configuring done (1.0s)
[1.098s] -- Generating done (0.0s)
[1.100s] -- Build files have been written to: /home/joeljebitto/workspace/01-ROS/01-BumperBot/build/bumper_bot_cpp_examples
[1.105s] Invoked command in '/home/joeljebitto/workspace/01-ROS/01-BumperBot/build/bumper_bot_cpp_examples' returned '0': CMAKE_PREFIX_PATH=${CMAKE_PREFIX_PATH}:/opt/ros/jazzy DEBUGINFOD_URLS=https://debuginfod.ubuntu.com /usr/bin/cmake /home/joeljebitto/workspace/01-ROS/01-BumperBot/src/bumper_bot_cpp_examples -DCMAKE_INSTALL_PREFIX=/home/joeljebitto/workspace/01-ROS/01-BumperBot/install/bumper_bot_cpp_examples
[1.106s] Invoking command in '/home/joeljebitto/workspace/01-ROS/01-BumperBot/build/bumper_bot_cpp_examples': CMAKE_PREFIX_PATH=${CMAKE_PREFIX_PATH}:/opt/ros/jazzy DEBUGINFOD_URLS=https://debuginfod.ubuntu.com /usr/bin/cmake --build /home/joeljebitto/workspace/01-ROS/01-BumperBot/build/bumper_bot_cpp_examples -- -j8 -l8
[1.143s] Invoked command in '/home/joeljebitto/workspace/01-ROS/01-BumperBot/build/bumper_bot_cpp_examples' returned '0': CMAKE_PREFIX_PATH=${CMAKE_PREFIX_PATH}:/opt/ros/jazzy DEBUGINFOD_URLS=https://debuginfod.ubuntu.com /usr/bin/cmake --build /home/joeljebitto/workspace/01-ROS/01-BumperBot/build/bumper_bot_cpp_examples -- -j8 -l8
[1.151s] Invoking command in '/home/joeljebitto/workspace/01-ROS/01-BumperBot/build/bumper_bot_cpp_examples': CMAKE_PREFIX_PATH=${CMAKE_PREFIX_PATH}:/opt/ros/jazzy DEBUGINFOD_URLS=https://debuginfod.ubuntu.com /usr/bin/cmake --install /home/joeljebitto/workspace/01-ROS/01-BumperBot/build/bumper_bot_cpp_examples
[1.158s] -- Install configuration: ""
[1.158s] -- Installing: /home/joeljebitto/workspace/01-ROS/01-BumperBot/install/bumper_bot_cpp_examples/share/ament_index/resource_index/package_run_dependencies/bumper_bot_cpp_examples
[1.158s] -- Installing: /home/joeljebitto/workspace/01-ROS/01-BumperBot/install/bumper_bot_cpp_examples/share/ament_index/resource_index/parent_prefix_path/bumper_bot_cpp_examples
[1.158s] -- Installing: /home/joeljebitto/workspace/01-ROS/01-BumperBot/install/bumper_bot_cpp_examples/share/bumper_bot_cpp_examples/environment/ament_prefix_path.sh
[1.159s] -- Installing: /home/joeljebitto/workspace/01-ROS/01-BumperBot/install/bumper_bot_cpp_examples/share/bumper_bot_cpp_examples/environment/ament_prefix_path.dsv
[1.159s] -- Installing: /home/joeljebitto/workspace/01-ROS/01-BumperBot/install/bumper_bot_cpp_examples/share/bumper_bot_cpp_examples/environment/path.sh
[1.159s] -- Installing: /home/joeljebitto/workspace/01-ROS/01-BumperBot/install/bumper_bot_cpp_examples/share/bumper_bot_cpp_examples/environment/path.dsv
[1.159s] -- Installing: /home/joeljebitto/workspace/01-ROS/01-BumperBot/install/bumper_bot_cpp_examples/share/bumper_bot_cpp_examples/local_setup.bash
[1.159s] -- Installing: /home/joeljebitto/workspace/01-ROS/01-BumperBot/install/bumper_bot_cpp_examples/share/bumper_bot_cpp_examples/local_setup.sh
[1.159s] -- Installing: /home/joeljebitto/workspace/01-ROS/01-BumperBot/install/bumper_bot_cpp_examples/share/bumper_bot_cpp_examples/local_setup.zsh
[1.159s] -- Installing: /home/joeljebitto/workspace/01-ROS/01-BumperBot/install/bumper_bot_cpp_examples/share/bumper_bot_cpp_examples/local_setup.dsv
[1.159s] -- Installing: /home/joeljebitto/workspace/01-ROS/01-BumperBot/install/bumper_bot_cpp_examples/share/bumper_bot_cpp_examples/package.dsv
[1.160s] -- Installing: /home/joeljebitto/workspace/01-ROS/01-BumperBot/install/bumper_bot_cpp_examples/share/ament_index/resource_index/packages/bumper_bot_cpp_examples
[1.160s] -- Installing: /home/joeljebitto/workspace/01-ROS/01-BumperBot/install/bumper_bot_cpp_examples/share/bumper_bot_cpp_examples/cmake/bumper_bot_cpp_examplesConfig.cmake
[1.160s] -- Installing: /home/joeljebitto/workspace/01-ROS/01-BumperBot/install/bumper_bot_cpp_examples/share/bumper_bot_cpp_examples/cmake/bumper_bot_cpp_examplesConfig-version.cmake
[1.160s] -- Installing: /home/joeljebitto/workspace/01-ROS/01-BumperBot/install/bumper_bot_cpp_examples/share/bumper_bot_cpp_examples/package.xml
[1.161s] Invoked command in '/home/joeljebitto/workspace/01-ROS/01-BumperBot/build/bumper_bot_cpp_examples' returned '0': CMAKE_PREFIX_PATH=${CMAKE_PREFIX_PATH}:/opt/ros/jazzy DEBUGINFOD_URLS=https://debuginfod.ubuntu.com /usr/bin/cmake --install /home/joeljebitto/workspace/01-ROS/01-BumperBot/build/bumper_bot_cpp_examples
