[0.136s] DEBUG:colcon:Command line arguments: ['/usr/bin/colcon', 'build']
[0.136s] DEBUG:colcon:Parsed command line arguments: Namespace(log_base=None, log_level=None, verb_name='build', build_base='build', install_base='install', merge_install=False, symlink_install=False, test_result_base=None, continue_on_error=False, executor='parallel', parallel_workers=8, event_handlers=None, ignore_user_meta=False, metas=['./colcon.meta'], base_paths=['.'], packages_ignore=None, packages_ignore_regex=None, paths=None, packages_up_to=None, packages_up_to_regex=None, packages_above=None, packages_above_and_dependencies=None, packages_above_depth=None, packages_select_by_dep=None, packages_skip_by_dep=None, packages_skip_up_to=None, packages_select_build_failed=False, packages_skip_build_finished=False, packages_select_test_failures=False, packages_skip_test_passed=False, packages_select=None, packages_skip=None, packages_select_regex=None, packages_skip_regex=None, packages_start=None, packages_end=None, allow_overriding=[], cmake_args=None, cmake_target=None, cmake_target_skip_unavailable=False, cmake_clean_cache=False, cmake_clean_first=False, cmake_force_configure=False, ament_cmake_args=None, catkin_cmake_args=None, catkin_skip_building_tests=False, mixin_files=None, mixin=None, verb_parser=<colcon_mixin.mixin.mixin_argument.MixinArgumentDecorator object at 0x711cb2486660>, verb_extension=<colcon_core.verb.build.BuildVerb object at 0x711cb24863f0>, main=<bound method BuildVerb.main of <colcon_core.verb.build.BuildVerb object at 0x711cb24863f0>>, mixin_verb=('build',))
[0.165s] Level 1:colcon.colcon_core.package_discovery:discover_packages(colcon_meta) check parameters
[0.165s] Level 1:colcon.colcon_core.package_discovery:discover_packages(recursive) check parameters
[0.165s] Level 1:colcon.colcon_core.package_discovery:discover_packages(ignore) check parameters
[0.165s] Level 1:colcon.colcon_core.package_discovery:discover_packages(path) check parameters
[0.165s] Level 1:colcon.colcon_core.package_discovery:discover_packages(colcon_meta) discover
[0.165s] Level 1:colcon.colcon_core.package_discovery:discover_packages(recursive) discover
[0.165s] INFO:colcon.colcon_core.package_discovery:Crawling recursively for packages in '/home/joeljebitto/workspace/01-ROS/01-BumperBot'
[0.165s] Level 1:colcon.colcon_core.package_identification:_identify(.) by extensions ['ignore', 'ignore_ament_install']
[0.165s] Level 1:colcon.colcon_core.package_identification:_identify(.) by extension 'ignore'
[0.166s] Level 1:colcon.colcon_core.package_identification:_identify(.) by extension 'ignore_ament_install'
[0.166s] Level 1:colcon.colcon_core.package_identification:_identify(.) by extensions ['colcon_pkg']
[0.166s] Level 1:colcon.colcon_core.package_identification:_identify(.) by extension 'colcon_pkg'
[0.166s] Level 1:colcon.colcon_core.package_identification:_identify(.) by extensions ['colcon_meta']
[0.166s] Level 1:colcon.colcon_core.package_identification:_identify(.) by extension 'colcon_meta'
[0.166s] Level 1:colcon.colcon_core.package_identification:_identify(.) by extensions ['ros']
[0.166s] Level 1:colcon.colcon_core.package_identification:_identify(.) by extension 'ros'
[0.185s] Level 1:colcon.colcon_core.package_identification:_identify(.) by extensions ['cmake', 'python']
[0.185s] Level 1:colcon.colcon_core.package_identification:_identify(.) by extension 'cmake'
[0.185s] Level 1:colcon.colcon_core.package_identification:_identify(.) by extension 'python'
[0.185s] Level 1:colcon.colcon_core.package_identification:_identify(.) by extensions ['python_setup_py']
[0.185s] Level 1:colcon.colcon_core.package_identification:_identify(.) by extension 'python_setup_py'
[0.185s] Level 1:colcon.colcon_core.package_identification:_identify(build) by extensions ['ignore', 'ignore_ament_install']
[0.185s] Level 1:colcon.colcon_core.package_identification:_identify(build) by extension 'ignore'
[0.185s] Level 1:colcon.colcon_core.package_identification:_identify(build) ignored
[0.186s] Level 1:colcon.colcon_core.package_identification:_identify(install) by extensions ['ignore', 'ignore_ament_install']
[0.186s] Level 1:colcon.colcon_core.package_identification:_identify(install) by extension 'ignore'
[0.186s] Level 1:colcon.colcon_core.package_identification:_identify(install) ignored
[0.186s] Level 1:colcon.colcon_core.package_identification:_identify(log) by extensions ['ignore', 'ignore_ament_install']
[0.186s] Level 1:colcon.colcon_core.package_identification:_identify(log) by extension 'ignore'
[0.186s] Level 1:colcon.colcon_core.package_identification:_identify(log) ignored
[0.186s] Level 1:colcon.colcon_core.package_identification:_identify(src) by extensions ['ignore', 'ignore_ament_install']
[0.186s] Level 1:colcon.colcon_core.package_identification:_identify(src) by extension 'ignore'
[0.186s] Level 1:colcon.colcon_core.package_identification:_identify(src) by extension 'ignore_ament_install'
[0.186s] Level 1:colcon.colcon_core.package_identification:_identify(src) by extensions ['colcon_pkg']
[0.186s] Level 1:colcon.colcon_core.package_identification:_identify(src) by extension 'colcon_pkg'
[0.186s] Level 1:colcon.colcon_core.package_identification:_identify(src) by extensions ['colcon_meta']
[0.186s] Level 1:colcon.colcon_core.package_identification:_identify(src) by extension 'colcon_meta'
[0.186s] Level 1:colcon.colcon_core.package_identification:_identify(src) by extensions ['ros']
[0.186s] Level 1:colcon.colcon_core.package_identification:_identify(src) by extension 'ros'
[0.186s] Level 1:colcon.colcon_core.package_identification:_identify(src) by extensions ['cmake', 'python']
[0.186s] Level 1:colcon.colcon_core.package_identification:_identify(src) by extension 'cmake'
[0.186s] Level 1:colcon.colcon_core.package_identification:_identify(src) by extension 'python'
[0.186s] Level 1:colcon.colcon_core.package_identification:_identify(src) by extensions ['python_setup_py']
[0.186s] Level 1:colcon.colcon_core.package_identification:_identify(src) by extension 'python_setup_py'
[0.186s] Level 1:colcon.colcon_core.package_identification:_identify(src/bumper_bot_cpp_examples) by extensions ['ignore', 'ignore_ament_install']
[0.186s] Level 1:colcon.colcon_core.package_identification:_identify(src/bumper_bot_cpp_examples) by extension 'ignore'
[0.187s] Level 1:colcon.colcon_core.package_identification:_identify(src/bumper_bot_cpp_examples) by extension 'ignore_ament_install'
[0.187s] Level 1:colcon.colcon_core.package_identification:_identify(src/bumper_bot_cpp_examples) by extensions ['colcon_pkg']
[0.187s] Level 1:colcon.colcon_core.package_identification:_identify(src/bumper_bot_cpp_examples) by extension 'colcon_pkg'
[0.187s] Level 1:colcon.colcon_core.package_identification:_identify(src/bumper_bot_cpp_examples) by extensions ['colcon_meta']
[0.187s] Level 1:colcon.colcon_core.package_identification:_identify(src/bumper_bot_cpp_examples) by extension 'colcon_meta'
[0.187s] Level 1:colcon.colcon_core.package_identification:_identify(src/bumper_bot_cpp_examples) by extensions ['ros']
[0.187s] Level 1:colcon.colcon_core.package_identification:_identify(src/bumper_bot_cpp_examples) by extension 'ros'
[0.192s] DEBUG:colcon.colcon_core.package_identification:Package 'src/bumper_bot_cpp_examples' with type 'ros.ament_cmake' and name 'bumper_bot_cpp_examples'
[0.192s] Level 1:colcon.colcon_core.package_identification:_identify(src/bumper_bot_py_examples) by extensions ['ignore', 'ignore_ament_install']
[0.192s] Level 1:colcon.colcon_core.package_identification:_identify(src/bumper_bot_py_examples) by extension 'ignore'
[0.192s] Level 1:colcon.colcon_core.package_identification:_identify(src/bumper_bot_py_examples) by extension 'ignore_ament_install'
[0.192s] Level 1:colcon.colcon_core.package_identification:_identify(src/bumper_bot_py_examples) by extensions ['colcon_pkg']
[0.192s] Level 1:colcon.colcon_core.package_identification:_identify(src/bumper_bot_py_examples) by extension 'colcon_pkg'
[0.192s] Level 1:colcon.colcon_core.package_identification:_identify(src/bumper_bot_py_examples) by extensions ['colcon_meta']
[0.192s] Level 1:colcon.colcon_core.package_identification:_identify(src/bumper_bot_py_examples) by extension 'colcon_meta'
[0.192s] Level 1:colcon.colcon_core.package_identification:_identify(src/bumper_bot_py_examples) by extensions ['ros']
[0.192s] Level 1:colcon.colcon_core.package_identification:_identify(src/bumper_bot_py_examples) by extension 'ros'
[0.193s] DEBUG:colcon.colcon_core.package_identification:Package 'src/bumper_bot_py_examples' with type 'ros.ament_python' and name 'bumper_bot_py_examples'
[0.193s] Level 1:colcon.colcon_core.package_discovery:discover_packages(recursive) using defaults
[0.193s] Level 1:colcon.colcon_core.package_discovery:discover_packages(ignore) discover
[0.193s] Level 1:colcon.colcon_core.package_discovery:discover_packages(ignore) using defaults
[0.193s] Level 1:colcon.colcon_core.package_discovery:discover_packages(path) discover
[0.193s] Level 1:colcon.colcon_core.package_discovery:discover_packages(path) using defaults
[0.206s] Level 1:colcon.colcon_core.package_discovery:discover_packages(prefix_path) check parameters
[0.206s] Level 1:colcon.colcon_core.package_discovery:discover_packages(prefix_path) discover
[0.208s] DEBUG:colcon.colcon_installed_package_information.package_discovery:Found 383 installed packages in /opt/ros/jazzy
[0.209s] Level 1:colcon.colcon_core.package_discovery:discover_packages(prefix_path) using defaults
[0.266s] Level 5:colcon.colcon_core.verb:set package 'bumper_bot_cpp_examples' build argument 'cmake_args' from command line to 'None'
[0.266s] Level 5:colcon.colcon_core.verb:set package 'bumper_bot_cpp_examples' build argument 'cmake_target' from command line to 'None'
[0.266s] Level 5:colcon.colcon_core.verb:set package 'bumper_bot_cpp_examples' build argument 'cmake_target_skip_unavailable' from command line to 'False'
[0.266s] Level 5:colcon.colcon_core.verb:set package 'bumper_bot_cpp_examples' build argument 'cmake_clean_cache' from command line to 'False'
[0.266s] Level 5:colcon.colcon_core.verb:set package 'bumper_bot_cpp_examples' build argument 'cmake_clean_first' from command line to 'False'
[0.266s] Level 5:colcon.colcon_core.verb:set package 'bumper_bot_cpp_examples' build argument 'cmake_force_configure' from command line to 'False'
[0.266s] Level 5:colcon.colcon_core.verb:set package 'bumper_bot_cpp_examples' build argument 'ament_cmake_args' from command line to 'None'
[0.266s] Level 5:colcon.colcon_core.verb:set package 'bumper_bot_cpp_examples' build argument 'catkin_cmake_args' from command line to 'None'
[0.266s] Level 5:colcon.colcon_core.verb:set package 'bumper_bot_cpp_examples' build argument 'catkin_skip_building_tests' from command line to 'False'
[0.266s] DEBUG:colcon.colcon_core.verb:Building package 'bumper_bot_cpp_examples' with the following arguments: {'ament_cmake_args': None, 'build_base': '/home/joeljebitto/workspace/01-ROS/01-BumperBot/build/bumper_bot_cpp_examples', 'catkin_cmake_args': None, 'catkin_skip_building_tests': False, 'cmake_args': None, 'cmake_clean_cache': False, 'cmake_clean_first': False, 'cmake_force_configure': False, 'cmake_target': None, 'cmake_target_skip_unavailable': False, 'install_base': '/home/joeljebitto/workspace/01-ROS/01-BumperBot/install/bumper_bot_cpp_examples', 'merge_install': False, 'path': '/home/joeljebitto/workspace/01-ROS/01-BumperBot/src/bumper_bot_cpp_examples', 'symlink_install': False, 'test_result_base': None}
[0.267s] Level 5:colcon.colcon_core.verb:set package 'bumper_bot_py_examples' build argument 'cmake_args' from command line to 'None'
[0.267s] Level 5:colcon.colcon_core.verb:set package 'bumper_bot_py_examples' build argument 'cmake_target' from command line to 'None'
[0.267s] Level 5:colcon.colcon_core.verb:set package 'bumper_bot_py_examples' build argument 'cmake_target_skip_unavailable' from command line to 'False'
[0.267s] Level 5:colcon.colcon_core.verb:set package 'bumper_bot_py_examples' build argument 'cmake_clean_cache' from command line to 'False'
[0.267s] Level 5:colcon.colcon_core.verb:set package 'bumper_bot_py_examples' build argument 'cmake_clean_first' from command line to 'False'
[0.267s] Level 5:colcon.colcon_core.verb:set package 'bumper_bot_py_examples' build argument 'cmake_force_configure' from command line to 'False'
[0.267s] Level 5:colcon.colcon_core.verb:set package 'bumper_bot_py_examples' build argument 'ament_cmake_args' from command line to 'None'
[0.267s] Level 5:colcon.colcon_core.verb:set package 'bumper_bot_py_examples' build argument 'catkin_cmake_args' from command line to 'None'
[0.267s] Level 5:colcon.colcon_core.verb:set package 'bumper_bot_py_examples' build argument 'catkin_skip_building_tests' from command line to 'False'
[0.267s] DEBUG:colcon.colcon_core.verb:Building package 'bumper_bot_py_examples' with the following arguments: {'ament_cmake_args': None, 'build_base': '/home/joeljebitto/workspace/01-ROS/01-BumperBot/build/bumper_bot_py_examples', 'catkin_cmake_args': None, 'catkin_skip_building_tests': False, 'cmake_args': None, 'cmake_clean_cache': False, 'cmake_clean_first': False, 'cmake_force_configure': False, 'cmake_target': None, 'cmake_target_skip_unavailable': False, 'install_base': '/home/joeljebitto/workspace/01-ROS/01-BumperBot/install/bumper_bot_py_examples', 'merge_install': False, 'path': '/home/joeljebitto/workspace/01-ROS/01-BumperBot/src/bumper_bot_py_examples', 'symlink_install': False, 'test_result_base': None}
[0.267s] INFO:colcon.colcon_core.executor:Executing jobs using 'parallel' executor
[0.268s] DEBUG:colcon.colcon_parallel_executor.executor.parallel:run_until_complete
[0.268s] INFO:colcon.colcon_ros.task.ament_cmake.build:Building ROS package in '/home/joeljebitto/workspace/01-ROS/01-BumperBot/src/bumper_bot_cpp_examples' with build type 'ament_cmake'
[0.269s] INFO:colcon.colcon_cmake.task.cmake.build:Building CMake package in '/home/joeljebitto/workspace/01-ROS/01-BumperBot/src/bumper_bot_cpp_examples'
[0.271s] INFO:colcon.colcon_core.plugin_system:Skipping extension 'colcon_core.shell.bat': Not used on non-Windows systems
[0.271s] INFO:colcon.colcon_core.shell:Skip shell extension 'powershell' for command environment: Not usable outside of PowerShell
[0.271s] DEBUG:colcon.colcon_core.shell:Skip shell extension 'dsv' for command environment
[0.281s] INFO:colcon.colcon_ros.task.ament_python.build:Building ROS package in '/home/joeljebitto/workspace/01-ROS/01-BumperBot/src/bumper_bot_py_examples' with build type 'ament_python'
[0.281s] Level 1:colcon.colcon_core.shell:create_environment_hook('bumper_bot_py_examples', 'ament_prefix_path')
[0.282s] INFO:colcon.colcon_core.shell:Creating environment hook '/home/joeljebitto/workspace/01-ROS/01-BumperBot/install/bumper_bot_py_examples/share/bumper_bot_py_examples/hook/ament_prefix_path.ps1'
[0.285s] INFO:colcon.colcon_core.shell:Creating environment descriptor '/home/joeljebitto/workspace/01-ROS/01-BumperBot/install/bumper_bot_py_examples/share/bumper_bot_py_examples/hook/ament_prefix_path.dsv'
[0.287s] INFO:colcon.colcon_core.shell:Creating environment hook '/home/joeljebitto/workspace/01-ROS/01-BumperBot/install/bumper_bot_py_examples/share/bumper_bot_py_examples/hook/ament_prefix_path.sh'
[0.289s] INFO:colcon.colcon_core.shell:Skip shell extension 'powershell' for command environment: Not usable outside of PowerShell
[0.289s] DEBUG:colcon.colcon_core.shell:Skip shell extension 'dsv' for command environment
[0.311s] DEBUG:colcon.colcon_core.event_handler.log_command:Invoking command in '/home/joeljebitto/workspace/01-ROS/01-BumperBot/build/bumper_bot_cpp_examples': CMAKE_PREFIX_PATH=${CMAKE_PREFIX_PATH}:/opt/ros/jazzy DEBUGINFOD_URLS=https://debuginfod.ubuntu.com /usr/bin/cmake /home/joeljebitto/workspace/01-ROS/01-BumperBot/src/bumper_bot_cpp_examples -DCMAKE_INSTALL_PREFIX=/home/joeljebitto/workspace/01-ROS/01-BumperBot/install/bumper_bot_cpp_examples
[0.758s] INFO:colcon.colcon_core.task.python.build:Building Python package in '/home/joeljebitto/workspace/01-ROS/01-BumperBot/src/bumper_bot_py_examples'
[0.758s] INFO:colcon.colcon_core.shell:Skip shell extension 'powershell' for command environment: Not usable outside of PowerShell
[0.758s] DEBUG:colcon.colcon_core.shell:Skip shell extension 'dsv' for command environment
[1.374s] DEBUG:colcon.colcon_core.event_handler.log_command:Invoked command in '/home/joeljebitto/workspace/01-ROS/01-BumperBot/build/bumper_bot_cpp_examples' returned '0': CMAKE_PREFIX_PATH=${CMAKE_PREFIX_PATH}:/opt/ros/jazzy DEBUGINFOD_URLS=https://debuginfod.ubuntu.com /usr/bin/cmake /home/joeljebitto/workspace/01-ROS/01-BumperBot/src/bumper_bot_cpp_examples -DCMAKE_INSTALL_PREFIX=/home/joeljebitto/workspace/01-ROS/01-BumperBot/install/bumper_bot_cpp_examples
[1.375s] DEBUG:colcon.colcon_core.event_handler.log_command:Invoking command in '/home/joeljebitto/workspace/01-ROS/01-BumperBot/build/bumper_bot_cpp_examples': CMAKE_PREFIX_PATH=${CMAKE_PREFIX_PATH}:/opt/ros/jazzy DEBUGINFOD_URLS=https://debuginfod.ubuntu.com /usr/bin/cmake --build /home/joeljebitto/workspace/01-ROS/01-BumperBot/build/bumper_bot_cpp_examples -- -j8 -l8
[1.412s] DEBUG:colcon.colcon_core.event_handler.log_command:Invoked command in '/home/joeljebitto/workspace/01-ROS/01-BumperBot/build/bumper_bot_cpp_examples' returned '0': CMAKE_PREFIX_PATH=${CMAKE_PREFIX_PATH}:/opt/ros/jazzy DEBUGINFOD_URLS=https://debuginfod.ubuntu.com /usr/bin/cmake --build /home/joeljebitto/workspace/01-ROS/01-BumperBot/build/bumper_bot_cpp_examples -- -j8 -l8
[1.420s] DEBUG:colcon.colcon_core.event_handler.log_command:Invoking command in '/home/joeljebitto/workspace/01-ROS/01-BumperBot/build/bumper_bot_cpp_examples': CMAKE_PREFIX_PATH=${CMAKE_PREFIX_PATH}:/opt/ros/jazzy DEBUGINFOD_URLS=https://debuginfod.ubuntu.com /usr/bin/cmake --install /home/joeljebitto/workspace/01-ROS/01-BumperBot/build/bumper_bot_cpp_examples
[1.430s] Level 1:colcon.colcon_core.environment:create_environment_scripts_only(bumper_bot_cpp_examples)
[1.430s] DEBUG:colcon.colcon_core.event_handler.log_command:Invoked command in '/home/joeljebitto/workspace/01-ROS/01-BumperBot/build/bumper_bot_cpp_examples' returned '0': CMAKE_PREFIX_PATH=${CMAKE_PREFIX_PATH}:/opt/ros/jazzy DEBUGINFOD_URLS=https://debuginfod.ubuntu.com /usr/bin/cmake --install /home/joeljebitto/workspace/01-ROS/01-BumperBot/build/bumper_bot_cpp_examples
[1.434s] Level 1:colcon.colcon_core.environment:checking '/home/joeljebitto/workspace/01-ROS/01-BumperBot/install/bumper_bot_cpp_examples' for CMake module files
[1.434s] Level 1:colcon.colcon_core.environment:checking '/home/joeljebitto/workspace/01-ROS/01-BumperBot/install/bumper_bot_cpp_examples' for CMake config files
[1.434s] Level 1:colcon.colcon_core.shell:create_environment_hook('bumper_bot_cpp_examples', 'cmake_prefix_path')
[1.434s] INFO:colcon.colcon_core.shell:Creating environment hook '/home/joeljebitto/workspace/01-ROS/01-BumperBot/install/bumper_bot_cpp_examples/share/bumper_bot_cpp_examples/hook/cmake_prefix_path.ps1'
[1.435s] INFO:colcon.colcon_core.shell:Creating environment descriptor '/home/joeljebitto/workspace/01-ROS/01-BumperBot/install/bumper_bot_cpp_examples/share/bumper_bot_cpp_examples/hook/cmake_prefix_path.dsv'
[1.435s] INFO:colcon.colcon_core.shell:Creating environment hook '/home/joeljebitto/workspace/01-ROS/01-BumperBot/install/bumper_bot_cpp_examples/share/bumper_bot_cpp_examples/hook/cmake_prefix_path.sh'
[1.435s] Level 1:colcon.colcon_core.environment:checking '/home/joeljebitto/workspace/01-ROS/01-BumperBot/install/bumper_bot_cpp_examples/bin'
[1.436s] Level 1:colcon.colcon_core.environment:checking '/home/joeljebitto/workspace/01-ROS/01-BumperBot/install/bumper_bot_cpp_examples/lib/pkgconfig/bumper_bot_cpp_examples.pc'
[1.436s] Level 1:colcon.colcon_core.environment:checking '/home/joeljebitto/workspace/01-ROS/01-BumperBot/install/bumper_bot_cpp_examples/lib/python3.12/site-packages'
[1.436s] Level 1:colcon.colcon_core.environment:checking '/home/joeljebitto/workspace/01-ROS/01-BumperBot/install/bumper_bot_cpp_examples/bin'
[1.436s] INFO:colcon.colcon_core.shell:Creating package script '/home/joeljebitto/workspace/01-ROS/01-BumperBot/install/bumper_bot_cpp_examples/share/bumper_bot_cpp_examples/package.ps1'
[1.437s] INFO:colcon.colcon_core.shell:Creating package descriptor '/home/joeljebitto/workspace/01-ROS/01-BumperBot/install/bumper_bot_cpp_examples/share/bumper_bot_cpp_examples/package.dsv'
[1.437s] INFO:colcon.colcon_core.shell:Creating package script '/home/joeljebitto/workspace/01-ROS/01-BumperBot/install/bumper_bot_cpp_examples/share/bumper_bot_cpp_examples/package.sh'
[1.438s] INFO:colcon.colcon_core.shell:Creating package script '/home/joeljebitto/workspace/01-ROS/01-BumperBot/install/bumper_bot_cpp_examples/share/bumper_bot_cpp_examples/package.bash'
[1.438s] INFO:colcon.colcon_core.shell:Creating package script '/home/joeljebitto/workspace/01-ROS/01-BumperBot/install/bumper_bot_cpp_examples/share/bumper_bot_cpp_examples/package.zsh'
[1.439s] Level 1:colcon.colcon_core.environment:create_file_with_runtime_dependencies(/home/joeljebitto/workspace/01-ROS/01-BumperBot/install/bumper_bot_cpp_examples/share/colcon-core/packages/bumper_bot_cpp_examples)
[1.439s] Level 1:colcon.colcon_core.environment:create_environment_scripts_only(bumper_bot_cpp_examples)
[1.439s] Level 1:colcon.colcon_core.environment:checking '/home/joeljebitto/workspace/01-ROS/01-BumperBot/install/bumper_bot_cpp_examples' for CMake module files
[1.440s] Level 1:colcon.colcon_core.environment:checking '/home/joeljebitto/workspace/01-ROS/01-BumperBot/install/bumper_bot_cpp_examples' for CMake config files
[1.440s] Level 1:colcon.colcon_core.shell:create_environment_hook('bumper_bot_cpp_examples', 'cmake_prefix_path')
[1.440s] INFO:colcon.colcon_core.shell:Creating environment hook '/home/joeljebitto/workspace/01-ROS/01-BumperBot/install/bumper_bot_cpp_examples/share/bumper_bot_cpp_examples/hook/cmake_prefix_path.ps1'
[1.440s] INFO:colcon.colcon_core.shell:Creating environment descriptor '/home/joeljebitto/workspace/01-ROS/01-BumperBot/install/bumper_bot_cpp_examples/share/bumper_bot_cpp_examples/hook/cmake_prefix_path.dsv'
[1.440s] INFO:colcon.colcon_core.shell:Creating environment hook '/home/joeljebitto/workspace/01-ROS/01-BumperBot/install/bumper_bot_cpp_examples/share/bumper_bot_cpp_examples/hook/cmake_prefix_path.sh'
[1.441s] Level 1:colcon.colcon_core.environment:checking '/home/joeljebitto/workspace/01-ROS/01-BumperBot/install/bumper_bot_cpp_examples/bin'
[1.441s] Level 1:colcon.colcon_core.environment:checking '/home/joeljebitto/workspace/01-ROS/01-BumperBot/install/bumper_bot_cpp_examples/lib/pkgconfig/bumper_bot_cpp_examples.pc'
[1.441s] Level 1:colcon.colcon_core.environment:checking '/home/joeljebitto/workspace/01-ROS/01-BumperBot/install/bumper_bot_cpp_examples/lib/python3.12/site-packages'
[1.441s] Level 1:colcon.colcon_core.environment:checking '/home/joeljebitto/workspace/01-ROS/01-BumperBot/install/bumper_bot_cpp_examples/bin'
[1.441s] INFO:colcon.colcon_core.shell:Creating package script '/home/joeljebitto/workspace/01-ROS/01-BumperBot/install/bumper_bot_cpp_examples/share/bumper_bot_cpp_examples/package.ps1'
[1.442s] INFO:colcon.colcon_core.shell:Creating package descriptor '/home/joeljebitto/workspace/01-ROS/01-BumperBot/install/bumper_bot_cpp_examples/share/bumper_bot_cpp_examples/package.dsv'
[1.442s] INFO:colcon.colcon_core.shell:Creating package script '/home/joeljebitto/workspace/01-ROS/01-BumperBot/install/bumper_bot_cpp_examples/share/bumper_bot_cpp_examples/package.sh'
[1.442s] INFO:colcon.colcon_core.shell:Creating package script '/home/joeljebitto/workspace/01-ROS/01-BumperBot/install/bumper_bot_cpp_examples/share/bumper_bot_cpp_examples/package.bash'
[1.443s] INFO:colcon.colcon_core.shell:Creating package script '/home/joeljebitto/workspace/01-ROS/01-BumperBot/install/bumper_bot_cpp_examples/share/bumper_bot_cpp_examples/package.zsh'
[1.443s] Level 1:colcon.colcon_core.environment:create_file_with_runtime_dependencies(/home/joeljebitto/workspace/01-ROS/01-BumperBot/install/bumper_bot_cpp_examples/share/colcon-core/packages/bumper_bot_cpp_examples)
[1.528s] DEBUG:colcon.colcon_core.event_handler.log_command:Invoking command in '/home/joeljebitto/workspace/01-ROS/01-BumperBot/src/bumper_bot_py_examples': DEBUGINFOD_URLS=https://debuginfod.ubuntu.com PYTHONPATH=/home/joeljebitto/workspace/01-ROS/01-BumperBot/build/bumper_bot_py_examples/prefix_override:/usr/lib/python3/dist-packages/colcon_core/task/python/colcon_distutils_commands:/home/joeljebitto/workspace/01-ROS/01-BumperBot/install/bumper_bot_py_examples/lib/python3.12/site-packages:${PYTHONPATH} /usr/bin/python3 -W ignore:setup.py install is deprecated -W ignore:easy_install command is deprecated setup.py egg_info --egg-base ../../build/bumper_bot_py_examples build --build-base /home/joeljebitto/workspace/01-ROS/01-BumperBot/build/bumper_bot_py_examples/build install --record /home/joeljebitto/workspace/01-ROS/01-BumperBot/build/bumper_bot_py_examples/install.log --single-version-externally-managed install_data
[2.024s] Level 1:colcon.colcon_core.environment:checking '/home/joeljebitto/workspace/01-ROS/01-BumperBot/install/bumper_bot_py_examples' for CMake module files
[2.025s] DEBUG:colcon.colcon_core.event_handler.log_command:Invoked command in '/home/joeljebitto/workspace/01-ROS/01-BumperBot/src/bumper_bot_py_examples' returned '0': DEBUGINFOD_URLS=https://debuginfod.ubuntu.com PYTHONPATH=/home/joeljebitto/workspace/01-ROS/01-BumperBot/build/bumper_bot_py_examples/prefix_override:/usr/lib/python3/dist-packages/colcon_core/task/python/colcon_distutils_commands:/home/joeljebitto/workspace/01-ROS/01-BumperBot/install/bumper_bot_py_examples/lib/python3.12/site-packages:${PYTHONPATH} /usr/bin/python3 -W ignore:setup.py install is deprecated -W ignore:easy_install command is deprecated setup.py egg_info --egg-base ../../build/bumper_bot_py_examples build --build-base /home/joeljebitto/workspace/01-ROS/01-BumperBot/build/bumper_bot_py_examples/build install --record /home/joeljebitto/workspace/01-ROS/01-BumperBot/build/bumper_bot_py_examples/install.log --single-version-externally-managed install_data
[2.025s] Level 1:colcon.colcon_core.environment:checking '/home/joeljebitto/workspace/01-ROS/01-BumperBot/install/bumper_bot_py_examples' for CMake config files
[2.026s] Level 1:colcon.colcon_core.environment:checking '/home/joeljebitto/workspace/01-ROS/01-BumperBot/install/bumper_bot_py_examples/lib'
[2.026s] Level 1:colcon.colcon_core.environment:checking '/home/joeljebitto/workspace/01-ROS/01-BumperBot/install/bumper_bot_py_examples/bin'
[2.026s] Level 1:colcon.colcon_core.environment:checking '/home/joeljebitto/workspace/01-ROS/01-BumperBot/install/bumper_bot_py_examples/lib/pkgconfig/bumper_bot_py_examples.pc'
[2.026s] Level 1:colcon.colcon_core.environment:checking '/home/joeljebitto/workspace/01-ROS/01-BumperBot/install/bumper_bot_py_examples/lib/python3.12/site-packages'
[2.026s] Level 1:colcon.colcon_core.shell:create_environment_hook('bumper_bot_py_examples', 'pythonpath')
[2.026s] INFO:colcon.colcon_core.shell:Creating environment hook '/home/joeljebitto/workspace/01-ROS/01-BumperBot/install/bumper_bot_py_examples/share/bumper_bot_py_examples/hook/pythonpath.ps1'
[2.026s] INFO:colcon.colcon_core.shell:Creating environment descriptor '/home/joeljebitto/workspace/01-ROS/01-BumperBot/install/bumper_bot_py_examples/share/bumper_bot_py_examples/hook/pythonpath.dsv'
[2.027s] INFO:colcon.colcon_core.shell:Creating environment hook '/home/joeljebitto/workspace/01-ROS/01-BumperBot/install/bumper_bot_py_examples/share/bumper_bot_py_examples/hook/pythonpath.sh'
[2.027s] Level 1:colcon.colcon_core.environment:checking '/home/joeljebitto/workspace/01-ROS/01-BumperBot/install/bumper_bot_py_examples/bin'
[2.027s] Level 1:colcon.colcon_core.environment:create_environment_scripts_only(bumper_bot_py_examples)
[2.027s] INFO:colcon.colcon_core.shell:Creating package script '/home/joeljebitto/workspace/01-ROS/01-BumperBot/install/bumper_bot_py_examples/share/bumper_bot_py_examples/package.ps1'
[2.028s] INFO:colcon.colcon_core.shell:Creating package descriptor '/home/joeljebitto/workspace/01-ROS/01-BumperBot/install/bumper_bot_py_examples/share/bumper_bot_py_examples/package.dsv'
[2.028s] INFO:colcon.colcon_core.shell:Creating package script '/home/joeljebitto/workspace/01-ROS/01-BumperBot/install/bumper_bot_py_examples/share/bumper_bot_py_examples/package.sh'
[2.028s] INFO:colcon.colcon_core.shell:Creating package script '/home/joeljebitto/workspace/01-ROS/01-BumperBot/install/bumper_bot_py_examples/share/bumper_bot_py_examples/package.bash'
[2.028s] INFO:colcon.colcon_core.shell:Creating package script '/home/joeljebitto/workspace/01-ROS/01-BumperBot/install/bumper_bot_py_examples/share/bumper_bot_py_examples/package.zsh'
[2.029s] Level 1:colcon.colcon_core.environment:create_file_with_runtime_dependencies(/home/joeljebitto/workspace/01-ROS/01-BumperBot/install/bumper_bot_py_examples/share/colcon-core/packages/bumper_bot_py_examples)
[2.029s] DEBUG:colcon.colcon_parallel_executor.executor.parallel:closing loop
[2.029s] DEBUG:colcon.colcon_parallel_executor.executor.parallel:loop closed
[2.029s] DEBUG:colcon.colcon_parallel_executor.executor.parallel:run_until_complete finished with '0'
[2.029s] DEBUG:colcon.colcon_core.event_reactor:joining thread
[2.034s] INFO:colcon.colcon_core.plugin_system:Skipping extension 'colcon_notification.desktop_notification.terminal_notifier': Not used on non-Darwin systems
[2.034s] INFO:colcon.colcon_core.plugin_system:Skipping extension 'colcon_notification.desktop_notification.win32': Not used on non-Windows systems
[2.034s] INFO:colcon.colcon_notification.desktop_notification:Sending desktop notification using 'notify2'
[2.044s] DEBUG:colcon.colcon_core.event_reactor:joined thread
[2.044s] INFO:colcon.colcon_core.shell:Creating prefix script '/home/joeljebitto/workspace/01-ROS/01-BumperBot/install/local_setup.ps1'
[2.045s] INFO:colcon.colcon_core.shell:Creating prefix util module '/home/joeljebitto/workspace/01-ROS/01-BumperBot/install/_local_setup_util_ps1.py'
[2.046s] INFO:colcon.colcon_core.shell:Creating prefix chain script '/home/joeljebitto/workspace/01-ROS/01-BumperBot/install/setup.ps1'
[2.046s] INFO:colcon.colcon_core.shell:Creating prefix script '/home/joeljebitto/workspace/01-ROS/01-BumperBot/install/local_setup.sh'
[2.047s] INFO:colcon.colcon_core.shell:Creating prefix util module '/home/joeljebitto/workspace/01-ROS/01-BumperBot/install/_local_setup_util_sh.py'
[2.047s] INFO:colcon.colcon_core.shell:Creating prefix chain script '/home/joeljebitto/workspace/01-ROS/01-BumperBot/install/setup.sh'
[2.048s] INFO:colcon.colcon_core.shell:Creating prefix script '/home/joeljebitto/workspace/01-ROS/01-BumperBot/install/local_setup.bash'
[2.048s] INFO:colcon.colcon_core.shell:Creating prefix chain script '/home/joeljebitto/workspace/01-ROS/01-BumperBot/install/setup.bash'
[2.049s] INFO:colcon.colcon_core.shell:Creating prefix script '/home/joeljebitto/workspace/01-ROS/01-BumperBot/install/local_setup.zsh'
[2.049s] INFO:colcon.colcon_core.shell:Creating prefix chain script '/home/joeljebitto/workspace/01-ROS/01-BumperBot/install/setup.zsh'
