running egg_info
writing ../../build/bumper_bot_py_examples/bumper_bot_py_examples.egg-info/PKG-INFO
writing dependency_links to ../../build/bumper_bot_py_examples/bumper_bot_py_examples.egg-info/dependency_links.txt
writing entry points to ../../build/bumper_bot_py_examples/bumper_bot_py_examples.egg-info/entry_points.txt
writing requirements to ../../build/bumper_bot_py_examples/bumper_bot_py_examples.egg-info/requires.txt
writing top-level names to ../../build/bumper_bot_py_examples/bumper_bot_py_examples.egg-info/top_level.txt
reading manifest file '../../build/bumper_bot_py_examples/bumper_bot_py_examples.egg-info/SOURCES.txt'
writing manifest file '../../build/bumper_bot_py_examples/bumper_bot_py_examples.egg-info/SOURCES.txt'
running build
running build_py
copying bumper_bot_py_examples/simple_publisher.py -> /home/joeljebitto/workspace/01-ROS/01-BumperBot/build/bumper_bot_py_examples/build/lib/bumper_bot_py_examples
running install
running install_lib
copying /home/joeljebitto/workspace/01-ROS/01-BumperBot/build/bumper_bot_py_examples/build/lib/bumper_bot_py_examples/simple_publisher.py -> /home/joeljebitto/workspace/01-ROS/01-BumperBot/install/bumper_bot_py_examples/lib/python3.12/site-packages/bumper_bot_py_examples
byte-compiling /home/joeljebitto/workspace/01-ROS/01-BumperBot/install/bumper_bot_py_examples/lib/python3.12/site-packages/bumper_bot_py_examples/simple_publisher.py to simple_publisher.cpython-312.pyc
running install_data
copying package.xml -> /home/joeljebitto/workspace/01-ROS/01-BumperBot/install/bumper_bot_py_examples/share/bumper_bot_py_examples
running install_egg_info
removing '/home/joeljebitto/workspace/01-ROS/01-BumperBot/install/bumper_bot_py_examples/lib/python3.12/site-packages/bumper_bot_py_examples-0.0.0-py3.12.egg-info' (and everything under it)
Copying ../../build/bumper_bot_py_examples/bumper_bot_py_examples.egg-info to /home/joeljebitto/workspace/01-ROS/01-BumperBot/install/bumper_bot_py_examples/lib/python3.12/site-packages/bumper_bot_py_examples-0.0.0-py3.12.egg-info
running install_scripts
Installing simple_publisher script to /home/joeljebitto/workspace/01-ROS/01-BumperBot/install/bumper_bot_py_examples/lib/bumper_bot_py_examples
writing list of installed files to '/home/joeljebitto/workspace/01-ROS/01-BumperBot/build/bumper_bot_py_examples/install.log'
