[0.901s] Invoking command in '/home/joeljebitto/workspace/01-ROS/01-BumperBot/src/bumper_bot_py_examples': DEBUGINFOD_URLS=https://debuginfod.ubuntu.com PYTHONPATH=/home/joeljebitto/workspace/01-ROS/01-BumperBot/build/bumper_bot_py_examples/prefix_override:/usr/lib/python3/dist-packages/colcon_core/task/python/colcon_distutils_commands:/home/joeljebitto/workspace/01-ROS/01-BumperBot/install/bumper_bot_py_examples/lib/python3.12/site-packages:${PYTHONPATH} /usr/bin/python3 -W ignore:setup.py install is deprecated -W ignore:easy_install command is deprecated setup.py egg_info --egg-base ../../build/bumper_bot_py_examples build --build-base /home/joeljebitto/workspace/01-ROS/01-BumperBot/build/bumper_bot_py_examples/build install --record /home/joeljebitto/workspace/01-ROS/01-BumperBot/build/bumper_bot_py_examples/install.log --single-version-externally-managed install_data
[1.138s] running egg_info
[1.158s] writing ../../build/bumper_bot_py_examples/bumper_bot_py_examples.egg-info/PKG-INFO
[1.158s] writing dependency_links to ../../build/bumper_bot_py_examples/bumper_bot_py_examples.egg-info/dependency_links.txt
[1.159s] writing entry points to ../../build/bumper_bot_py_examples/bumper_bot_py_examples.egg-info/entry_points.txt
[1.159s] writing requirements to ../../build/bumper_bot_py_examples/bumper_bot_py_examples.egg-info/requires.txt
[1.159s] writing top-level names to ../../build/bumper_bot_py_examples/bumper_bot_py_examples.egg-info/top_level.txt
[1.199s] reading manifest file '../../build/bumper_bot_py_examples/bumper_bot_py_examples.egg-info/SOURCES.txt'
[1.200s] writing manifest file '../../build/bumper_bot_py_examples/bumper_bot_py_examples.egg-info/SOURCES.txt'
[1.201s] running build
[1.201s] running build_py
[1.201s] copying bumper_bot_py_examples/simple_publisher.py -> /home/joeljebitto/workspace/01-ROS/01-BumperBot/build/bumper_bot_py_examples/build/lib/bumper_bot_py_examples
[1.201s] running install
[1.206s] running install_lib
[1.226s] copying /home/joeljebitto/workspace/01-ROS/01-BumperBot/build/bumper_bot_py_examples/build/lib/bumper_bot_py_examples/simple_publisher.py -> /home/joeljebitto/workspace/01-ROS/01-BumperBot/install/bumper_bot_py_examples/lib/python3.12/site-packages/bumper_bot_py_examples
[1.226s] byte-compiling /home/joeljebitto/workspace/01-ROS/01-BumperBot/install/bumper_bot_py_examples/lib/python3.12/site-packages/bumper_bot_py_examples/simple_publisher.py to simple_publisher.cpython-312.pyc
[1.227s] running install_data
[1.227s] copying package.xml -> /home/joeljebitto/workspace/01-ROS/01-BumperBot/install/bumper_bot_py_examples/share/bumper_bot_py_examples
[1.227s] running install_egg_info
[1.247s] removing '/home/joeljebitto/workspace/01-ROS/01-BumperBot/install/bumper_bot_py_examples/lib/python3.12/site-packages/bumper_bot_py_examples-0.0.0-py3.12.egg-info' (and everything under it)
[1.247s] Copying ../../build/bumper_bot_py_examples/bumper_bot_py_examples.egg-info to /home/joeljebitto/workspace/01-ROS/01-BumperBot/install/bumper_bot_py_examples/lib/python3.12/site-packages/bumper_bot_py_examples-0.0.0-py3.12.egg-info
[1.248s] running install_scripts
[1.370s] Installing simple_publisher script to /home/joeljebitto/workspace/01-ROS/01-BumperBot/install/bumper_bot_py_examples/lib/bumper_bot_py_examples
[1.370s] writing list of installed files to '/home/joeljebitto/workspace/01-ROS/01-BumperBot/build/bumper_bot_py_examples/install.log'
[1.386s] Invoked command in '/home/joeljebitto/workspace/01-ROS/01-BumperBot/src/bumper_bot_py_examples' returned '0': DEBUGINFOD_URLS=https://debuginfod.ubuntu.com PYTHONPATH=/home/joeljebitto/workspace/01-ROS/01-BumperBot/build/bumper_bot_py_examples/prefix_override:/usr/lib/python3/dist-packages/colcon_core/task/python/colcon_distutils_commands:/home/joeljebitto/workspace/01-ROS/01-BumperBot/install/bumper_bot_py_examples/lib/python3.12/site-packages:${PYTHONPATH} /usr/bin/python3 -W ignore:setup.py install is deprecated -W ignore:easy_install command is deprecated setup.py egg_info --egg-base ../../build/bumper_bot_py_examples build --build-base /home/joeljebitto/workspace/01-ROS/01-BumperBot/build/bumper_bot_py_examples/build install --record /home/joeljebitto/workspace/01-ROS/01-BumperBot/build/bumper_bot_py_examples/install.log --single-version-externally-managed install_data
