[ 50%] Built target simple_publisher
[ 75%] [32mBuilding CXX object CMakeFiles/simple_subscriber.dir/src/simple_subscriber.cpp.o[0m
[100%] [32m[1mLinking CXX executable simple_subscriber[0m
[100%] Built target simple_subscriber
-- Install configuration: ""
-- Installing: /home/joeljebitto/workspace/01-ROS/01-BumperBot/install/lib/bumper_bot_cpp_examples/simple_subscriber
-- Set non-toolchain portion of runtime path of "/home/joeljebitto/workspace/01-ROS/01-BumperBot/install/lib/bumper_bot_cpp_examples/simple_subscriber" to ""
-- Up-to-date: /home/joeljebitto/workspace/01-ROS/01-BumperBot/install/lib/bumper_bot_cpp_examples/simple_publisher
-- Up-to-date: /home/joeljebitto/workspace/01-ROS/01-BumperBot/install/share/ament_index/resource_index/package_run_dependencies/bumper_bot_cpp_examples
-- Up-to-date: /home/joeljebitto/workspace/01-ROS/01-BumperBot/install/share/ament_index/resource_index/parent_prefix_path/bumper_bot_cpp_examples
-- Up-to-date: /home/joeljebitto/workspace/01-ROS/01-BumperBot/install/share/bumper_bot_cpp_examples/environment/ament_prefix_path.sh
-- Up-to-date: /home/joeljebitto/workspace/01-ROS/01-BumperBot/install/share/bumper_bot_cpp_examples/environment/ament_prefix_path.dsv
-- Up-to-date: /home/joeljebitto/workspace/01-ROS/01-BumperBot/install/share/bumper_bot_cpp_examples/environment/path.sh
-- Up-to-date: /home/joeljebitto/workspace/01-ROS/01-BumperBot/install/share/bumper_bot_cpp_examples/environment/path.dsv
-- Up-to-date: /home/joeljebitto/workspace/01-ROS/01-BumperBot/install/share/bumper_bot_cpp_examples/local_setup.bash
-- Up-to-date: /home/joeljebitto/workspace/01-ROS/01-BumperBot/install/share/bumper_bot_cpp_examples/local_setup.sh
-- Up-to-date: /home/joeljebitto/workspace/01-ROS/01-BumperBot/install/share/bumper_bot_cpp_examples/local_setup.zsh
-- Up-to-date: /home/joeljebitto/workspace/01-ROS/01-BumperBot/install/share/bumper_bot_cpp_examples/local_setup.dsv
-- Installing: /home/joeljebitto/workspace/01-ROS/01-BumperBot/install/share/bumper_bot_cpp_examples/package.dsv
-- Up-to-date: /home/joeljebitto/workspace/01-ROS/01-BumperBot/install/share/ament_index/resource_index/packages/bumper_bot_cpp_examples
-- Up-to-date: /home/joeljebitto/workspace/01-ROS/01-BumperBot/install/share/bumper_bot_cpp_examples/cmake/bumper_bot_cpp_examplesConfig.cmake
-- Up-to-date: /home/joeljebitto/workspace/01-ROS/01-BumperBot/install/share/bumper_bot_cpp_examples/cmake/bumper_bot_cpp_examplesConfig-version.cmake
-- Up-to-date: /home/joeljebitto/workspace/01-ROS/01-BumperBot/install/share/bumper_bot_cpp_examples/package.xml
