[1.246s] Invoking command in '/home/joeljebitto/workspace/01-ROS/01-BumperBot/src/bumper_bot_py_examples': DEBUGINFOD_URLS=https://debuginfod.ubuntu.com PYTHONPATH=/home/joeljebitto/workspace/01-ROS/01-BumperBot/build/bumper_bot_py_examples/prefix_override:/usr/lib/python3/dist-packages/colcon_core/task/python/colcon_distutils_commands:/home/joeljebitto/workspace/01-ROS/01-BumperBot/install/bumper_bot_py_examples/lib/python3.12/site-packages:${PYTHONPATH} /usr/bin/python3 -W ignore:setup.py install is deprecated -W ignore:easy_install command is deprecated setup.py egg_info --egg-base ../../build/bumper_bot_py_examples build --build-base /home/joeljebitto/workspace/01-ROS/01-BumperBot/build/bumper_bot_py_examples/build install --record /home/joeljebitto/workspace/01-ROS/01-BumperBot/build/bumper_bot_py_examples/install.log --single-version-externally-managed install_data
[1.490s] running egg_info
[1.490s] creating ../../build/bumper_bot_py_examples/bumper_bot_py_examples.egg-info
[1.511s] writing ../../build/bumper_bot_py_examples/bumper_bot_py_examples.egg-info/PKG-INFO
[1.511s] writing dependency_links to ../../build/bumper_bot_py_examples/bumper_bot_py_examples.egg-info/dependency_links.txt
[1.511s] writing requirements to ../../build/bumper_bot_py_examples/bumper_bot_py_examples.egg-info/requires.txt
[1.511s] writing top-level names to ../../build/bumper_bot_py_examples/bumper_bot_py_examples.egg-info/top_level.txt
[1.511s] writing manifest file '../../build/bumper_bot_py_examples/bumper_bot_py_examples.egg-info/SOURCES.txt'
[1.551s] reading manifest file '../../build/bumper_bot_py_examples/bumper_bot_py_examples.egg-info/SOURCES.txt'
[1.551s] writing manifest file '../../build/bumper_bot_py_examples/bumper_bot_py_examples.egg-info/SOURCES.txt'
[1.552s] running build
[1.552s] running build_py
[1.552s] creating /home/joeljebitto/workspace/01-ROS/01-BumperBot/build/bumper_bot_py_examples/build
[1.552s] creating /home/joeljebitto/workspace/01-ROS/01-BumperBot/build/bumper_bot_py_examples/build/lib
[1.552s] creating /home/joeljebitto/workspace/01-ROS/01-BumperBot/build/bumper_bot_py_examples/build/lib/bumper_bot_py_examples
[1.552s] copying bumper_bot_py_examples/__init__.py -> /home/joeljebitto/workspace/01-ROS/01-BumperBot/build/bumper_bot_py_examples/build/lib/bumper_bot_py_examples
[1.552s] running install
[1.558s] running install_lib
[1.577s] creating /home/joeljebitto/workspace/01-ROS/01-BumperBot/install/bumper_bot_py_examples/lib/python3.12/site-packages/bumper_bot_py_examples
[1.577s] copying /home/joeljebitto/workspace/01-ROS/01-BumperBot/build/bumper_bot_py_examples/build/lib/bumper_bot_py_examples/__init__.py -> /home/joeljebitto/workspace/01-ROS/01-BumperBot/install/bumper_bot_py_examples/lib/python3.12/site-packages/bumper_bot_py_examples
[1.577s] byte-compiling /home/joeljebitto/workspace/01-ROS/01-BumperBot/install/bumper_bot_py_examples/lib/python3.12/site-packages/bumper_bot_py_examples/__init__.py to __init__.cpython-312.pyc
[1.578s] running install_data
[1.578s] creating /home/joeljebitto/workspace/01-ROS/01-BumperBot/install/bumper_bot_py_examples/share/ament_index
[1.578s] creating /home/joeljebitto/workspace/01-ROS/01-BumperBot/install/bumper_bot_py_examples/share/ament_index/resource_index
[1.578s] creating /home/joeljebitto/workspace/01-ROS/01-BumperBot/install/bumper_bot_py_examples/share/ament_index/resource_index/packages
[1.578s] copying resource/bumper_bot_py_examples -> /home/joeljebitto/workspace/01-ROS/01-BumperBot/install/bumper_bot_py_examples/share/ament_index/resource_index/packages
[1.579s] copying package.xml -> /home/joeljebitto/workspace/01-ROS/01-BumperBot/install/bumper_bot_py_examples/share/bumper_bot_py_examples
[1.579s] running install_egg_info
[1.600s] Copying ../../build/bumper_bot_py_examples/bumper_bot_py_examples.egg-info to /home/joeljebitto/workspace/01-ROS/01-BumperBot/install/bumper_bot_py_examples/lib/python3.12/site-packages/bumper_bot_py_examples-0.0.0-py3.12.egg-info
[1.601s] running install_scripts
[1.726s] writing list of installed files to '/home/joeljebitto/workspace/01-ROS/01-BumperBot/build/bumper_bot_py_examples/install.log'
[1.742s] Invoked command in '/home/joeljebitto/workspace/01-ROS/01-BumperBot/src/bumper_bot_py_examples' returned '0': DEBUGINFOD_URLS=https://debuginfod.ubuntu.com PYTHONPATH=/home/joeljebitto/workspace/01-ROS/01-BumperBot/build/bumper_bot_py_examples/prefix_override:/usr/lib/python3/dist-packages/colcon_core/task/python/colcon_distutils_commands:/home/joeljebitto/workspace/01-ROS/01-BumperBot/install/bumper_bot_py_examples/lib/python3.12/site-packages:${PYTHONPATH} /usr/bin/python3 -W ignore:setup.py install is deprecated -W ignore:easy_install command is deprecated setup.py egg_info --egg-base ../../build/bumper_bot_py_examples build --build-base /home/joeljebitto/workspace/01-ROS/01-BumperBot/build/bumper_bot_py_examples/build install --record /home/joeljebitto/workspace/01-ROS/01-BumperBot/build/bumper_bot_py_examples/install.log --single-version-externally-managed install_data
