[0.176s] DEBUG:colcon:Command line arguments: ['/usr/bin/colcon', 'build', '--merge-install']
[0.176s] DEBUG:colcon:Parsed command line arguments: Namespace(log_base=None, log_level=None, verb_name='build', build_base='build', install_base='install', merge_install=True, symlink_install=False, test_result_base=None, continue_on_error=False, executor='parallel', parallel_workers=8, event_handlers=None, ignore_user_meta=False, metas=['./colcon.meta'], base_paths=['.'], packages_ignore=None, packages_ignore_regex=None, paths=None, packages_up_to=None, packages_up_to_regex=None, packages_above=None, packages_above_and_dependencies=None, packages_above_depth=None, packages_select_by_dep=None, packages_skip_by_dep=None, packages_skip_up_to=None, packages_select_build_failed=False, packages_skip_build_finished=False, packages_select_test_failures=False, packages_skip_test_passed=False, packages_select=None, packages_skip=None, packages_select_regex=None, packages_skip_regex=None, packages_start=None, packages_end=None, allow_overriding=[], cmake_args=None, cmake_target=None, cmake_target_skip_unavailable=False, cmake_clean_cache=False, cmake_clean_first=False, cmake_force_configure=False, ament_cmake_args=None, catkin_cmake_args=None, catkin_skip_building_tests=False, mixin_files=None, mixin=None, verb_parser=<colcon_mixin.mixin.mixin_argument.MixinArgumentDecorator object at 0x71e99409bfe0>, verb_extension=<colcon_core.verb.build.BuildVerb object at 0x71e99409bda0>, main=<bound method BuildVerb.main of <colcon_core.verb.build.BuildVerb object at 0x71e99409bda0>>, mixin_verb=('build',))
[0.239s] Level 1:colcon.colcon_core.package_discovery:discover_packages(colcon_meta) check parameters
[0.239s] Level 1:colcon.colcon_core.package_discovery:discover_packages(recursive) check parameters
[0.239s] Level 1:colcon.colcon_core.package_discovery:discover_packages(ignore) check parameters
[0.239s] Level 1:colcon.colcon_core.package_discovery:discover_packages(path) check parameters
[0.239s] Level 1:colcon.colcon_core.package_discovery:discover_packages(colcon_meta) discover
[0.239s] Level 1:colcon.colcon_core.package_discovery:discover_packages(recursive) discover
[0.240s] INFO:colcon.colcon_core.package_discovery:Crawling recursively for packages in '/home/joeljebitto/workspace/01-ROS/01-BumperBot'
[0.240s] Level 1:colcon.colcon_core.package_identification:_identify(.) by extensions ['ignore', 'ignore_ament_install']
[0.240s] Level 1:colcon.colcon_core.package_identification:_identify(.) by extension 'ignore'
[0.240s] Level 1:colcon.colcon_core.package_identification:_identify(.) by extension 'ignore_ament_install'
[0.240s] Level 1:colcon.colcon_core.package_identification:_identify(.) by extensions ['colcon_pkg']
[0.240s] Level 1:colcon.colcon_core.package_identification:_identify(.) by extension 'colcon_pkg'
[0.240s] Level 1:colcon.colcon_core.package_identification:_identify(.) by extensions ['colcon_meta']
[0.240s] Level 1:colcon.colcon_core.package_identification:_identify(.) by extension 'colcon_meta'
[0.240s] Level 1:colcon.colcon_core.package_identification:_identify(.) by extensions ['ros']
[0.240s] Level 1:colcon.colcon_core.package_identification:_identify(.) by extension 'ros'
[0.289s] Level 1:colcon.colcon_core.package_identification:_identify(.) by extensions ['cmake', 'python']
[0.289s] Level 1:colcon.colcon_core.package_identification:_identify(.) by extension 'cmake'
[0.290s] Level 1:colcon.colcon_core.package_identification:_identify(.) by extension 'python'
[0.290s] Level 1:colcon.colcon_core.package_identification:_identify(.) by extensions ['python_setup_py']
[0.290s] Level 1:colcon.colcon_core.package_identification:_identify(.) by extension 'python_setup_py'
[0.290s] Level 1:colcon.colcon_core.package_identification:_identify(build) by extensions ['ignore', 'ignore_ament_install']
[0.290s] Level 1:colcon.colcon_core.package_identification:_identify(build) by extension 'ignore'
[0.290s] Level 1:colcon.colcon_core.package_identification:_identify(build) ignored
[0.290s] Level 1:colcon.colcon_core.package_identification:_identify(install) by extensions ['ignore', 'ignore_ament_install']
[0.291s] Level 1:colcon.colcon_core.package_identification:_identify(install) by extension 'ignore'
[0.291s] Level 1:colcon.colcon_core.package_identification:_identify(install) ignored
[0.291s] Level 1:colcon.colcon_core.package_identification:_identify(log) by extensions ['ignore', 'ignore_ament_install']
[0.291s] Level 1:colcon.colcon_core.package_identification:_identify(log) by extension 'ignore'
[0.291s] Level 1:colcon.colcon_core.package_identification:_identify(log) ignored
[0.291s] Level 1:colcon.colcon_core.package_identification:_identify(src) by extensions ['ignore', 'ignore_ament_install']
[0.291s] Level 1:colcon.colcon_core.package_identification:_identify(src) by extension 'ignore'
[0.291s] Level 1:colcon.colcon_core.package_identification:_identify(src) by extension 'ignore_ament_install'
[0.291s] Level 1:colcon.colcon_core.package_identification:_identify(src) by extensions ['colcon_pkg']
[0.291s] Level 1:colcon.colcon_core.package_identification:_identify(src) by extension 'colcon_pkg'
[0.291s] Level 1:colcon.colcon_core.package_identification:_identify(src) by extensions ['colcon_meta']
[0.292s] Level 1:colcon.colcon_core.package_identification:_identify(src) by extension 'colcon_meta'
[0.292s] Level 1:colcon.colcon_core.package_identification:_identify(src) by extensions ['ros']
[0.292s] Level 1:colcon.colcon_core.package_identification:_identify(src) by extension 'ros'
[0.292s] Level 1:colcon.colcon_core.package_identification:_identify(src) by extensions ['cmake', 'python']
[0.292s] Level 1:colcon.colcon_core.package_identification:_identify(src) by extension 'cmake'
[0.292s] Level 1:colcon.colcon_core.package_identification:_identify(src) by extension 'python'
[0.292s] Level 1:colcon.colcon_core.package_identification:_identify(src) by extensions ['python_setup_py']
[0.292s] Level 1:colcon.colcon_core.package_identification:_identify(src) by extension 'python_setup_py'
[0.292s] Level 1:colcon.colcon_core.package_identification:_identify(src/bumper_bot_cpp_examples) by extensions ['ignore', 'ignore_ament_install']
[0.292s] Level 1:colcon.colcon_core.package_identification:_identify(src/bumper_bot_cpp_examples) by extension 'ignore'
[0.292s] Level 1:colcon.colcon_core.package_identification:_identify(src/bumper_bot_cpp_examples) by extension 'ignore_ament_install'
[0.293s] Level 1:colcon.colcon_core.package_identification:_identify(src/bumper_bot_cpp_examples) by extensions ['colcon_pkg']
[0.293s] Level 1:colcon.colcon_core.package_identification:_identify(src/bumper_bot_cpp_examples) by extension 'colcon_pkg'
[0.293s] Level 1:colcon.colcon_core.package_identification:_identify(src/bumper_bot_cpp_examples) by extensions ['colcon_meta']
[0.293s] Level 1:colcon.colcon_core.package_identification:_identify(src/bumper_bot_cpp_examples) by extension 'colcon_meta'
[0.293s] Level 1:colcon.colcon_core.package_identification:_identify(src/bumper_bot_cpp_examples) by extensions ['ros']
[0.293s] Level 1:colcon.colcon_core.package_identification:_identify(src/bumper_bot_cpp_examples) by extension 'ros'
[0.297s] DEBUG:colcon.colcon_core.package_identification:Package 'src/bumper_bot_cpp_examples' with type 'ros.ament_cmake' and name 'bumper_bot_cpp_examples'
[0.298s] Level 1:colcon.colcon_core.package_identification:_identify(src/bumper_bot_py_examples) by extensions ['ignore', 'ignore_ament_install']
[0.298s] Level 1:colcon.colcon_core.package_identification:_identify(src/bumper_bot_py_examples) by extension 'ignore'
[0.298s] Level 1:colcon.colcon_core.package_identification:_identify(src/bumper_bot_py_examples) by extension 'ignore_ament_install'
[0.298s] Level 1:colcon.colcon_core.package_identification:_identify(src/bumper_bot_py_examples) by extensions ['colcon_pkg']
[0.298s] Level 1:colcon.colcon_core.package_identification:_identify(src/bumper_bot_py_examples) by extension 'colcon_pkg'
[0.298s] Level 1:colcon.colcon_core.package_identification:_identify(src/bumper_bot_py_examples) by extensions ['colcon_meta']
[0.298s] Level 1:colcon.colcon_core.package_identification:_identify(src/bumper_bot_py_examples) by extension 'colcon_meta'
[0.299s] Level 1:colcon.colcon_core.package_identification:_identify(src/bumper_bot_py_examples) by extensions ['ros']
[0.299s] Level 1:colcon.colcon_core.package_identification:_identify(src/bumper_bot_py_examples) by extension 'ros'
[0.299s] DEBUG:colcon.colcon_core.package_identification:Package 'src/bumper_bot_py_examples' with type 'ros.ament_python' and name 'bumper_bot_py_examples'
[0.299s] Level 1:colcon.colcon_core.package_discovery:discover_packages(recursive) using defaults
[0.300s] Level 1:colcon.colcon_core.package_discovery:discover_packages(ignore) discover
[0.300s] Level 1:colcon.colcon_core.package_discovery:discover_packages(ignore) using defaults
[0.300s] Level 1:colcon.colcon_core.package_discovery:discover_packages(path) discover
[0.300s] Level 1:colcon.colcon_core.package_discovery:discover_packages(path) using defaults
[0.335s] Level 1:colcon.colcon_core.package_discovery:discover_packages(prefix_path) check parameters
[0.335s] Level 1:colcon.colcon_core.package_discovery:discover_packages(prefix_path) discover
[0.341s] DEBUG:colcon.colcon_installed_package_information.package_discovery:Found 383 installed packages in /opt/ros/jazzy
[0.346s] Level 1:colcon.colcon_core.package_discovery:discover_packages(prefix_path) using defaults
[0.444s] Level 5:colcon.colcon_core.verb:set package 'bumper_bot_cpp_examples' build argument 'cmake_args' from command line to 'None'
[0.444s] Level 5:colcon.colcon_core.verb:set package 'bumper_bot_cpp_examples' build argument 'cmake_target' from command line to 'None'
[0.444s] Level 5:colcon.colcon_core.verb:set package 'bumper_bot_cpp_examples' build argument 'cmake_target_skip_unavailable' from command line to 'False'
[0.444s] Level 5:colcon.colcon_core.verb:set package 'bumper_bot_cpp_examples' build argument 'cmake_clean_cache' from command line to 'False'
[0.444s] Level 5:colcon.colcon_core.verb:set package 'bumper_bot_cpp_examples' build argument 'cmake_clean_first' from command line to 'False'
[0.444s] Level 5:colcon.colcon_core.verb:set package 'bumper_bot_cpp_examples' build argument 'cmake_force_configure' from command line to 'False'
[0.444s] Level 5:colcon.colcon_core.verb:set package 'bumper_bot_cpp_examples' build argument 'ament_cmake_args' from command line to 'None'
[0.444s] Level 5:colcon.colcon_core.verb:set package 'bumper_bot_cpp_examples' build argument 'catkin_cmake_args' from command line to 'None'
[0.444s] Level 5:colcon.colcon_core.verb:set package 'bumper_bot_cpp_examples' build argument 'catkin_skip_building_tests' from command line to 'False'
[0.445s] DEBUG:colcon.colcon_core.verb:Building package 'bumper_bot_cpp_examples' with the following arguments: {'ament_cmake_args': None, 'build_base': '/home/joeljebitto/workspace/01-ROS/01-BumperBot/build/bumper_bot_cpp_examples', 'catkin_cmake_args': None, 'catkin_skip_building_tests': False, 'cmake_args': None, 'cmake_clean_cache': False, 'cmake_clean_first': False, 'cmake_force_configure': False, 'cmake_target': None, 'cmake_target_skip_unavailable': False, 'install_base': '/home/joeljebitto/workspace/01-ROS/01-BumperBot/install', 'merge_install': True, 'path': '/home/joeljebitto/workspace/01-ROS/01-BumperBot/src/bumper_bot_cpp_examples', 'symlink_install': False, 'test_result_base': None}
[0.445s] Level 5:colcon.colcon_core.verb:set package 'bumper_bot_py_examples' build argument 'cmake_args' from command line to 'None'
[0.446s] Level 5:colcon.colcon_core.verb:set package 'bumper_bot_py_examples' build argument 'cmake_target' from command line to 'None'
[0.446s] Level 5:colcon.colcon_core.verb:set package 'bumper_bot_py_examples' build argument 'cmake_target_skip_unavailable' from command line to 'False'
[0.446s] Level 5:colcon.colcon_core.verb:set package 'bumper_bot_py_examples' build argument 'cmake_clean_cache' from command line to 'False'
[0.446s] Level 5:colcon.colcon_core.verb:set package 'bumper_bot_py_examples' build argument 'cmake_clean_first' from command line to 'False'
[0.446s] Level 5:colcon.colcon_core.verb:set package 'bumper_bot_py_examples' build argument 'cmake_force_configure' from command line to 'False'
[0.446s] Level 5:colcon.colcon_core.verb:set package 'bumper_bot_py_examples' build argument 'ament_cmake_args' from command line to 'None'
[0.446s] Level 5:colcon.colcon_core.verb:set package 'bumper_bot_py_examples' build argument 'catkin_cmake_args' from command line to 'None'
[0.446s] Level 5:colcon.colcon_core.verb:set package 'bumper_bot_py_examples' build argument 'catkin_skip_building_tests' from command line to 'False'
[0.446s] DEBUG:colcon.colcon_core.verb:Building package 'bumper_bot_py_examples' with the following arguments: {'ament_cmake_args': None, 'build_base': '/home/joeljebitto/workspace/01-ROS/01-BumperBot/build/bumper_bot_py_examples', 'catkin_cmake_args': None, 'catkin_skip_building_tests': False, 'cmake_args': None, 'cmake_clean_cache': False, 'cmake_clean_first': False, 'cmake_force_configure': False, 'cmake_target': None, 'cmake_target_skip_unavailable': False, 'install_base': '/home/joeljebitto/workspace/01-ROS/01-BumperBot/install', 'merge_install': True, 'path': '/home/joeljebitto/workspace/01-ROS/01-BumperBot/src/bumper_bot_py_examples', 'symlink_install': False, 'test_result_base': None}
[0.447s] INFO:colcon.colcon_core.executor:Executing jobs using 'parallel' executor
[0.450s] DEBUG:colcon.colcon_parallel_executor.executor.parallel:run_until_complete
[0.451s] INFO:colcon.colcon_ros.task.ament_cmake.build:Building ROS package in '/home/joeljebitto/workspace/01-ROS/01-BumperBot/src/bumper_bot_cpp_examples' with build type 'ament_cmake'
[0.451s] INFO:colcon.colcon_cmake.task.cmake.build:Building CMake package in '/home/joeljebitto/workspace/01-ROS/01-BumperBot/src/bumper_bot_cpp_examples'
[0.459s] INFO:colcon.colcon_core.plugin_system:Skipping extension 'colcon_core.shell.bat': Not used on non-Windows systems
[0.460s] INFO:colcon.colcon_core.shell:Skip shell extension 'powershell' for command environment: Not usable outside of PowerShell
[0.460s] DEBUG:colcon.colcon_core.shell:Skip shell extension 'dsv' for command environment
[0.471s] INFO:colcon.colcon_ros.task.ament_python.build:Building ROS package in '/home/joeljebitto/workspace/01-ROS/01-BumperBot/src/bumper_bot_py_examples' with build type 'ament_python'
[0.471s] Level 1:colcon.colcon_core.shell:create_environment_hook('bumper_bot_py_examples', 'ament_prefix_path')
[0.472s] INFO:colcon.colcon_core.shell:Creating environment hook '/home/joeljebitto/workspace/01-ROS/01-BumperBot/install/share/bumper_bot_py_examples/hook/ament_prefix_path.ps1'
[0.477s] INFO:colcon.colcon_core.shell:Creating environment descriptor '/home/joeljebitto/workspace/01-ROS/01-BumperBot/install/share/bumper_bot_py_examples/hook/ament_prefix_path.dsv'
[0.479s] INFO:colcon.colcon_core.shell:Creating environment hook '/home/joeljebitto/workspace/01-ROS/01-BumperBot/install/share/bumper_bot_py_examples/hook/ament_prefix_path.sh'
[0.482s] INFO:colcon.colcon_core.shell:Skip shell extension 'powershell' for command environment: Not usable outside of PowerShell
[0.483s] DEBUG:colcon.colcon_core.shell:Skip shell extension 'dsv' for command environment
[0.504s] DEBUG:colcon.colcon_core.event_handler.log_command:Invoking command in '/home/joeljebitto/workspace/01-ROS/01-BumperBot/build/bumper_bot_cpp_examples': CMAKE_PREFIX_PATH=${CMAKE_PREFIX_PATH}:/opt/ros/jazzy DEBUGINFOD_URLS=https://debuginfod.ubuntu.com /usr/bin/cmake --build /home/joeljebitto/workspace/01-ROS/01-BumperBot/build/bumper_bot_cpp_examples -- -j8 -l8
[1.125s] INFO:colcon.colcon_core.task.python.build:Building Python package in '/home/joeljebitto/workspace/01-ROS/01-BumperBot/src/bumper_bot_py_examples'
[1.125s] INFO:colcon.colcon_core.shell:Skip shell extension 'powershell' for command environment: Not usable outside of PowerShell
[1.125s] DEBUG:colcon.colcon_core.shell:Skip shell extension 'dsv' for command environment
[2.974s] DEBUG:colcon.colcon_core.event_handler.log_command:Invoking command in '/home/joeljebitto/workspace/01-ROS/01-BumperBot/src/bumper_bot_py_examples': DEBUGINFOD_URLS=https://debuginfod.ubuntu.com PYTHONPATH=/home/joeljebitto/workspace/01-ROS/01-BumperBot/build/bumper_bot_py_examples/prefix_override:/usr/lib/python3/dist-packages/colcon_core/task/python/colcon_distutils_commands:/home/joeljebitto/workspace/01-ROS/01-BumperBot/install/lib/python3.12/site-packages:${PYTHONPATH} /usr/bin/python3 -W ignore:setup.py install is deprecated -W ignore:easy_install command is deprecated setup.py egg_info --egg-base ../../build/bumper_bot_py_examples build --build-base /home/joeljebitto/workspace/01-ROS/01-BumperBot/build/bumper_bot_py_examples/build install --record /home/joeljebitto/workspace/01-ROS/01-BumperBot/build/bumper_bot_py_examples/install.log --single-version-externally-managed install_data
[4.312s] DEBUG:colcon.colcon_core.event_handler.log_command:Invoked command in '/home/joeljebitto/workspace/01-ROS/01-BumperBot/src/bumper_bot_py_examples' returned '0': DEBUGINFOD_URLS=https://debuginfod.ubuntu.com PYTHONPATH=/home/joeljebitto/workspace/01-ROS/01-BumperBot/build/bumper_bot_py_examples/prefix_override:/usr/lib/python3/dist-packages/colcon_core/task/python/colcon_distutils_commands:/home/joeljebitto/workspace/01-ROS/01-BumperBot/install/lib/python3.12/site-packages:${PYTHONPATH} /usr/bin/python3 -W ignore:setup.py install is deprecated -W ignore:easy_install command is deprecated setup.py egg_info --egg-base ../../build/bumper_bot_py_examples build --build-base /home/joeljebitto/workspace/01-ROS/01-BumperBot/build/bumper_bot_py_examples/build install --record /home/joeljebitto/workspace/01-ROS/01-BumperBot/build/bumper_bot_py_examples/install.log --single-version-externally-managed install_data
[4.313s] Level 1:colcon.colcon_core.environment:checking '/home/joeljebitto/workspace/01-ROS/01-BumperBot/install' for CMake module files
[4.314s] Level 1:colcon.colcon_core.environment:checking '/home/joeljebitto/workspace/01-ROS/01-BumperBot/install' for CMake config files
[4.314s] Level 1:colcon.colcon_core.shell:create_environment_hook('bumper_bot_py_examples', 'cmake_prefix_path')
[4.315s] INFO:colcon.colcon_core.shell:Creating environment hook '/home/joeljebitto/workspace/01-ROS/01-BumperBot/install/share/bumper_bot_py_examples/hook/cmake_prefix_path.ps1'
[4.316s] INFO:colcon.colcon_core.shell:Creating environment descriptor '/home/joeljebitto/workspace/01-ROS/01-BumperBot/install/share/bumper_bot_py_examples/hook/cmake_prefix_path.dsv'
[4.316s] INFO:colcon.colcon_core.shell:Creating environment hook '/home/joeljebitto/workspace/01-ROS/01-BumperBot/install/share/bumper_bot_py_examples/hook/cmake_prefix_path.sh'
[4.318s] Level 1:colcon.colcon_core.environment:checking '/home/joeljebitto/workspace/01-ROS/01-BumperBot/install/lib'
[4.318s] Level 1:colcon.colcon_core.environment:checking '/home/joeljebitto/workspace/01-ROS/01-BumperBot/install/bin'
[4.318s] Level 1:colcon.colcon_core.environment:checking '/home/joeljebitto/workspace/01-ROS/01-BumperBot/install/lib/pkgconfig/bumper_bot_py_examples.pc'
[4.318s] Level 1:colcon.colcon_core.environment:checking '/home/joeljebitto/workspace/01-ROS/01-BumperBot/install/lib/python3.12/site-packages'
[4.319s] Level 1:colcon.colcon_core.shell:create_environment_hook('bumper_bot_py_examples', 'pythonpath')
[4.319s] INFO:colcon.colcon_core.shell:Creating environment hook '/home/joeljebitto/workspace/01-ROS/01-BumperBot/install/share/bumper_bot_py_examples/hook/pythonpath.ps1'
[4.320s] INFO:colcon.colcon_core.shell:Creating environment descriptor '/home/joeljebitto/workspace/01-ROS/01-BumperBot/install/share/bumper_bot_py_examples/hook/pythonpath.dsv'
[4.321s] INFO:colcon.colcon_core.shell:Creating environment hook '/home/joeljebitto/workspace/01-ROS/01-BumperBot/install/share/bumper_bot_py_examples/hook/pythonpath.sh'
[4.322s] Level 1:colcon.colcon_core.environment:checking '/home/joeljebitto/workspace/01-ROS/01-BumperBot/install/bin'
[4.322s] Level 1:colcon.colcon_core.environment:create_environment_scripts_only(bumper_bot_py_examples)
[4.323s] INFO:colcon.colcon_core.shell:Creating package script '/home/joeljebitto/workspace/01-ROS/01-BumperBot/install/share/bumper_bot_py_examples/package.ps1'
[4.325s] INFO:colcon.colcon_core.shell:Creating package descriptor '/home/joeljebitto/workspace/01-ROS/01-BumperBot/install/share/bumper_bot_py_examples/package.dsv'
[4.326s] INFO:colcon.colcon_core.shell:Creating package script '/home/joeljebitto/workspace/01-ROS/01-BumperBot/install/share/bumper_bot_py_examples/package.sh'
[4.328s] INFO:colcon.colcon_core.shell:Creating package script '/home/joeljebitto/workspace/01-ROS/01-BumperBot/install/share/bumper_bot_py_examples/package.bash'
[4.329s] INFO:colcon.colcon_core.shell:Creating package script '/home/joeljebitto/workspace/01-ROS/01-BumperBot/install/share/bumper_bot_py_examples/package.zsh'
[4.330s] Level 1:colcon.colcon_core.environment:create_file_with_runtime_dependencies(/home/joeljebitto/workspace/01-ROS/01-BumperBot/install/share/colcon-core/packages/bumper_bot_py_examples)
[12.191s] DEBUG:colcon.colcon_core.event_handler.log_command:Invoked command in '/home/joeljebitto/workspace/01-ROS/01-BumperBot/build/bumper_bot_cpp_examples' returned '0': CMAKE_PREFIX_PATH=${CMAKE_PREFIX_PATH}:/opt/ros/jazzy DEBUGINFOD_URLS=https://debuginfod.ubuntu.com /usr/bin/cmake --build /home/joeljebitto/workspace/01-ROS/01-BumperBot/build/bumper_bot_cpp_examples -- -j8 -l8
[12.207s] DEBUG:colcon.colcon_core.event_handler.log_command:Invoking command in '/home/joeljebitto/workspace/01-ROS/01-BumperBot/build/bumper_bot_cpp_examples': CMAKE_PREFIX_PATH=${CMAKE_PREFIX_PATH}:/opt/ros/jazzy DEBUGINFOD_URLS=https://debuginfod.ubuntu.com /usr/bin/cmake --install /home/joeljebitto/workspace/01-ROS/01-BumperBot/build/bumper_bot_cpp_examples
[12.228s] Level 1:colcon.colcon_core.environment:create_environment_scripts_only(bumper_bot_cpp_examples)
[12.228s] Level 1:colcon.colcon_core.environment:checking '/home/joeljebitto/workspace/01-ROS/01-BumperBot/install' for CMake module files
[12.229s] DEBUG:colcon.colcon_core.event_handler.log_command:Invoked command in '/home/joeljebitto/workspace/01-ROS/01-BumperBot/build/bumper_bot_cpp_examples' returned '0': CMAKE_PREFIX_PATH=${CMAKE_PREFIX_PATH}:/opt/ros/jazzy DEBUGINFOD_URLS=https://debuginfod.ubuntu.com /usr/bin/cmake --install /home/joeljebitto/workspace/01-ROS/01-BumperBot/build/bumper_bot_cpp_examples
[12.230s] Level 1:colcon.colcon_core.environment:checking '/home/joeljebitto/workspace/01-ROS/01-BumperBot/install' for CMake config files
[12.230s] Level 1:colcon.colcon_core.shell:create_environment_hook('bumper_bot_cpp_examples', 'cmake_prefix_path')
[12.230s] INFO:colcon.colcon_core.shell:Creating environment hook '/home/joeljebitto/workspace/01-ROS/01-BumperBot/install/share/bumper_bot_cpp_examples/hook/cmake_prefix_path.ps1'
[12.231s] INFO:colcon.colcon_core.shell:Creating environment descriptor '/home/joeljebitto/workspace/01-ROS/01-BumperBot/install/share/bumper_bot_cpp_examples/hook/cmake_prefix_path.dsv'
[12.232s] INFO:colcon.colcon_core.shell:Creating environment hook '/home/joeljebitto/workspace/01-ROS/01-BumperBot/install/share/bumper_bot_cpp_examples/hook/cmake_prefix_path.sh'
[12.233s] Level 1:colcon.colcon_core.environment:checking '/home/joeljebitto/workspace/01-ROS/01-BumperBot/install/lib'
[12.233s] Level 1:colcon.colcon_core.environment:checking '/home/joeljebitto/workspace/01-ROS/01-BumperBot/install/bin'
[12.233s] Level 1:colcon.colcon_core.environment:checking '/home/joeljebitto/workspace/01-ROS/01-BumperBot/install/lib/pkgconfig/bumper_bot_cpp_examples.pc'
[12.233s] Level 1:colcon.colcon_core.environment:checking '/home/joeljebitto/workspace/01-ROS/01-BumperBot/install/lib/python3.12/site-packages'
[12.233s] Level 1:colcon.colcon_core.shell:create_environment_hook('bumper_bot_cpp_examples', 'pythonpath')
[12.234s] INFO:colcon.colcon_core.shell:Creating environment hook '/home/joeljebitto/workspace/01-ROS/01-BumperBot/install/share/bumper_bot_cpp_examples/hook/pythonpath.ps1'
[12.234s] INFO:colcon.colcon_core.shell:Creating environment descriptor '/home/joeljebitto/workspace/01-ROS/01-BumperBot/install/share/bumper_bot_cpp_examples/hook/pythonpath.dsv'
[12.235s] INFO:colcon.colcon_core.shell:Creating environment hook '/home/joeljebitto/workspace/01-ROS/01-BumperBot/install/share/bumper_bot_cpp_examples/hook/pythonpath.sh'
[12.235s] Level 1:colcon.colcon_core.environment:checking '/home/joeljebitto/workspace/01-ROS/01-BumperBot/install/bin'
[12.236s] INFO:colcon.colcon_core.shell:Creating package script '/home/joeljebitto/workspace/01-ROS/01-BumperBot/install/share/bumper_bot_cpp_examples/package.ps1'
[12.237s] INFO:colcon.colcon_core.shell:Creating package descriptor '/home/joeljebitto/workspace/01-ROS/01-BumperBot/install/share/bumper_bot_cpp_examples/package.dsv'
[12.238s] INFO:colcon.colcon_core.shell:Creating package script '/home/joeljebitto/workspace/01-ROS/01-BumperBot/install/share/bumper_bot_cpp_examples/package.sh'
[12.238s] INFO:colcon.colcon_core.shell:Creating package script '/home/joeljebitto/workspace/01-ROS/01-BumperBot/install/share/bumper_bot_cpp_examples/package.bash'
[12.239s] INFO:colcon.colcon_core.shell:Creating package script '/home/joeljebitto/workspace/01-ROS/01-BumperBot/install/share/bumper_bot_cpp_examples/package.zsh'
[12.239s] Level 1:colcon.colcon_core.environment:create_file_with_runtime_dependencies(/home/joeljebitto/workspace/01-ROS/01-BumperBot/install/share/colcon-core/packages/bumper_bot_cpp_examples)
[12.240s] Level 1:colcon.colcon_core.environment:create_environment_scripts_only(bumper_bot_cpp_examples)
[12.240s] Level 1:colcon.colcon_core.environment:checking '/home/joeljebitto/workspace/01-ROS/01-BumperBot/install' for CMake module files
[12.241s] Level 1:colcon.colcon_core.environment:checking '/home/joeljebitto/workspace/01-ROS/01-BumperBot/install' for CMake config files
[12.241s] Level 1:colcon.colcon_core.shell:create_environment_hook('bumper_bot_cpp_examples', 'cmake_prefix_path')
[12.241s] INFO:colcon.colcon_core.shell:Creating environment hook '/home/joeljebitto/workspace/01-ROS/01-BumperBot/install/share/bumper_bot_cpp_examples/hook/cmake_prefix_path.ps1'
[12.242s] INFO:colcon.colcon_core.shell:Creating environment descriptor '/home/joeljebitto/workspace/01-ROS/01-BumperBot/install/share/bumper_bot_cpp_examples/hook/cmake_prefix_path.dsv'
[12.243s] INFO:colcon.colcon_core.shell:Creating environment hook '/home/joeljebitto/workspace/01-ROS/01-BumperBot/install/share/bumper_bot_cpp_examples/hook/cmake_prefix_path.sh'
[12.243s] Level 1:colcon.colcon_core.environment:checking '/home/joeljebitto/workspace/01-ROS/01-BumperBot/install/lib'
[12.243s] Level 1:colcon.colcon_core.environment:checking '/home/joeljebitto/workspace/01-ROS/01-BumperBot/install/bin'
[12.244s] Level 1:colcon.colcon_core.environment:checking '/home/joeljebitto/workspace/01-ROS/01-BumperBot/install/lib/pkgconfig/bumper_bot_cpp_examples.pc'
[12.244s] Level 1:colcon.colcon_core.environment:checking '/home/joeljebitto/workspace/01-ROS/01-BumperBot/install/lib/python3.12/site-packages'
[12.244s] Level 1:colcon.colcon_core.shell:create_environment_hook('bumper_bot_cpp_examples', 'pythonpath')
[12.245s] INFO:colcon.colcon_core.shell:Creating environment hook '/home/joeljebitto/workspace/01-ROS/01-BumperBot/install/share/bumper_bot_cpp_examples/hook/pythonpath.ps1'
[12.245s] INFO:colcon.colcon_core.shell:Creating environment descriptor '/home/joeljebitto/workspace/01-ROS/01-BumperBot/install/share/bumper_bot_cpp_examples/hook/pythonpath.dsv'
[12.246s] INFO:colcon.colcon_core.shell:Creating environment hook '/home/joeljebitto/workspace/01-ROS/01-BumperBot/install/share/bumper_bot_cpp_examples/hook/pythonpath.sh'
[12.247s] Level 1:colcon.colcon_core.environment:checking '/home/joeljebitto/workspace/01-ROS/01-BumperBot/install/bin'
[12.247s] INFO:colcon.colcon_core.shell:Creating package script '/home/joeljebitto/workspace/01-ROS/01-BumperBot/install/share/bumper_bot_cpp_examples/package.ps1'
[12.248s] INFO:colcon.colcon_core.shell:Creating package descriptor '/home/joeljebitto/workspace/01-ROS/01-BumperBot/install/share/bumper_bot_cpp_examples/package.dsv'
[12.248s] INFO:colcon.colcon_core.shell:Creating package script '/home/joeljebitto/workspace/01-ROS/01-BumperBot/install/share/bumper_bot_cpp_examples/package.sh'
[12.249s] INFO:colcon.colcon_core.shell:Creating package script '/home/joeljebitto/workspace/01-ROS/01-BumperBot/install/share/bumper_bot_cpp_examples/package.bash'
[12.250s] INFO:colcon.colcon_core.shell:Creating package script '/home/joeljebitto/workspace/01-ROS/01-BumperBot/install/share/bumper_bot_cpp_examples/package.zsh'
[12.250s] Level 1:colcon.colcon_core.environment:create_file_with_runtime_dependencies(/home/joeljebitto/workspace/01-ROS/01-BumperBot/install/share/colcon-core/packages/bumper_bot_cpp_examples)
[12.251s] DEBUG:colcon.colcon_parallel_executor.executor.parallel:closing loop
[12.251s] DEBUG:colcon.colcon_parallel_executor.executor.parallel:loop closed
[12.252s] DEBUG:colcon.colcon_parallel_executor.executor.parallel:run_until_complete finished with '0'
[12.252s] DEBUG:colcon.colcon_core.event_reactor:joining thread
[12.262s] INFO:colcon.colcon_core.plugin_system:Skipping extension 'colcon_notification.desktop_notification.terminal_notifier': Not used on non-Darwin systems
[12.262s] INFO:colcon.colcon_core.plugin_system:Skipping extension 'colcon_notification.desktop_notification.win32': Not used on non-Windows systems
[12.262s] INFO:colcon.colcon_notification.desktop_notification:Sending desktop notification using 'notify2'
[12.298s] DEBUG:colcon.colcon_core.event_reactor:joined thread
[12.298s] INFO:colcon.colcon_core.shell:Creating prefix script '/home/joeljebitto/workspace/01-ROS/01-BumperBot/install/local_setup.ps1'
[12.301s] INFO:colcon.colcon_core.shell:Creating prefix util module '/home/joeljebitto/workspace/01-ROS/01-BumperBot/install/_local_setup_util_ps1.py'
[12.305s] INFO:colcon.colcon_core.shell:Creating prefix chain script '/home/joeljebitto/workspace/01-ROS/01-BumperBot/install/setup.ps1'
[12.310s] INFO:colcon.colcon_core.shell:Creating prefix script '/home/joeljebitto/workspace/01-ROS/01-BumperBot/install/local_setup.sh'
[12.313s] INFO:colcon.colcon_core.shell:Creating prefix util module '/home/joeljebitto/workspace/01-ROS/01-BumperBot/install/_local_setup_util_sh.py'
[12.316s] INFO:colcon.colcon_core.shell:Creating prefix chain script '/home/joeljebitto/workspace/01-ROS/01-BumperBot/install/setup.sh'
[12.320s] INFO:colcon.colcon_core.shell:Creating prefix script '/home/joeljebitto/workspace/01-ROS/01-BumperBot/install/local_setup.bash'
[12.322s] INFO:colcon.colcon_core.shell:Creating prefix chain script '/home/joeljebitto/workspace/01-ROS/01-BumperBot/install/setup.bash'
[12.324s] INFO:colcon.colcon_core.shell:Creating prefix script '/home/joeljebitto/workspace/01-ROS/01-BumperBot/install/local_setup.zsh'
[12.325s] INFO:colcon.colcon_core.shell:Creating prefix chain script '/home/joeljebitto/workspace/01-ROS/01-BumperBot/install/setup.zsh'
