[0.013s] Invoking command in '/home/joeljebitto/workspace/01-ROS/01-BumperBot/build/bumper_bot_cpp_examples': CMAKE_PREFIX_PATH=${CMAKE_PREFIX_PATH}:/opt/ros/jazzy DEBUGINFOD_URLS=https://debuginfod.ubuntu.com /usr/bin/cmake --build /home/joeljebitto/workspace/01-ROS/01-BumperBot/build/bumper_bot_cpp_examples -- -j8 -l8
[0.314s] Invoked command in '/home/joeljebitto/workspace/01-ROS/01-BumperBot/build/bumper_bot_cpp_examples' returned '0': CMAKE_PREFIX_PATH=${CMAKE_PREFIX_PATH}:/opt/ros/jazzy DEBUGINFOD_URLS=https://debuginfod.ubuntu.com /usr/bin/cmake --build /home/joeljebitto/workspace/01-ROS/01-BumperBot/build/bumper_bot_cpp_examples -- -j8 -l8
[0.325s] Invoking command in '/home/joeljebitto/workspace/01-ROS/01-BumperBot/build/bumper_bot_cpp_examples': CMAKE_PREFIX_PATH=${CMAKE_PREFIX_PATH}:/opt/ros/jazzy DEBUGINFOD_URLS=https://debuginfod.ubuntu.com /usr/bin/cmake --install /home/joeljebitto/workspace/01-ROS/01-BumperBot/build/bumper_bot_cpp_examples
[0.334s] -- Install configuration: ""
[0.334s] -- Up-to-date: /home/joeljebitto/workspace/01-ROS/01-BumperBot/install/bumper_bot_cpp_examples/share/ament_index/resource_index/package_run_dependencies/bumper_bot_cpp_examples
[0.334s] -- Up-to-date: /home/joeljebitto/workspace/01-ROS/01-BumperBot/install/bumper_bot_cpp_examples/share/ament_index/resource_index/parent_prefix_path/bumper_bot_cpp_examples
[0.334s] -- Up-to-date: /home/joeljebitto/workspace/01-ROS/01-BumperBot/install/bumper_bot_cpp_examples/share/bumper_bot_cpp_examples/environment/ament_prefix_path.sh
[0.334s] -- Up-to-date: /home/joeljebitto/workspace/01-ROS/01-BumperBot/install/bumper_bot_cpp_examples/share/bumper_bot_cpp_examples/environment/ament_prefix_path.dsv
[0.334s] -- Up-to-date: /home/joeljebitto/workspace/01-ROS/01-BumperBot/install/bumper_bot_cpp_examples/share/bumper_bot_cpp_examples/environment/path.sh
[0.334s] -- Up-to-date: /home/joeljebitto/workspace/01-ROS/01-BumperBot/install/bumper_bot_cpp_examples/share/bumper_bot_cpp_examples/environment/path.dsv
[0.335s] -- Up-to-date: /home/joeljebitto/workspace/01-ROS/01-BumperBot/install/bumper_bot_cpp_examples/share/bumper_bot_cpp_examples/local_setup.bash
[0.335s] -- Up-to-date: /home/joeljebitto/workspace/01-ROS/01-BumperBot/install/bumper_bot_cpp_examples/share/bumper_bot_cpp_examples/local_setup.sh
[0.335s] -- Up-to-date: /home/joeljebitto/workspace/01-ROS/01-BumperBot/install/bumper_bot_cpp_examples/share/bumper_bot_cpp_examples/local_setup.zsh
[0.335s] -- Up-to-date: /home/joeljebitto/workspace/01-ROS/01-BumperBot/install/bumper_bot_cpp_examples/share/bumper_bot_cpp_examples/local_setup.dsv
[0.335s] -- Up-to-date: /home/joeljebitto/workspace/01-ROS/01-BumperBot/install/bumper_bot_cpp_examples/share/bumper_bot_cpp_examples/package.dsv
[0.335s] -- Up-to-date: /home/joeljebitto/workspace/01-ROS/01-BumperBot/install/bumper_bot_cpp_examples/share/ament_index/resource_index/packages/bumper_bot_cpp_examples
[0.335s] -- Up-to-date: /home/joeljebitto/workspace/01-ROS/01-BumperBot/install/bumper_bot_cpp_examples/share/bumper_bot_cpp_examples/cmake/bumper_bot_cpp_examplesConfig.cmake
[0.335s] -- Up-to-date: /home/joeljebitto/workspace/01-ROS/01-BumperBot/install/bumper_bot_cpp_examples/share/bumper_bot_cpp_examples/cmake/bumper_bot_cpp_examplesConfig-version.cmake
[0.335s] -- Up-to-date: /home/joeljebitto/workspace/01-ROS/01-BumperBot/install/bumper_bot_cpp_examples/share/bumper_bot_cpp_examples/package.xml
[0.336s] Invoked command in '/home/joeljebitto/workspace/01-ROS/01-BumperBot/build/bumper_bot_cpp_examples' returned '0': CMAKE_PREFIX_PATH=${CMAKE_PREFIX_PATH}:/opt/ros/jazzy DEBUGINFOD_URLS=https://debuginfod.ubuntu.com /usr/bin/cmake --install /home/joeljebitto/workspace/01-ROS/01-BumperBot/build/bumper_bot_cpp_examples
