-- Found ament_cmake: 2.5.4 (/opt/ros/jazzy/share/ament_cmake/cmake)
-- Found rclcpp: 28.1.9 (/opt/ros/jazzy/share/rclcpp/cmake)
-- Found rosidl_generator_c: 4.6.5 (/opt/ros/jazzy/share/rosidl_generator_c/cmake)
-- Found rosidl_generator_cpp: 4.6.5 (/opt/ros/jazzy/share/rosidl_generator_cpp/cmake)
-- Using all available rosidl_typesupport_c: rosidl_typesupport_fastrtps_c;rosidl_typesupport_introspection_c
-- Using all available rosidl_typesupport_cpp: rosidl_typesupport_fastrtps_cpp;rosidl_typesupport_introspection_cpp
-- Found rmw_implementation_cmake: 7.3.2 (/opt/ros/jazzy/share/rmw_implementation_cmake/cmake)
-- Found rmw_fastrtps_cpp: 8.4.2 (/opt/ros/jazzy/share/rmw_fastrtps_cpp/cmake)
-- Found OpenSSL: /usr/lib/x86_64-linux-gnu/libcrypto.so (found version "3.0.13")  
-- Found FastRTPS: /opt/ros/jazzy/include (Required is at least version "2.13") 
-- Using RMW implementation 'rmw_fastrtps_cpp' as default
-- Found std_msgs: 5.3.6 (/opt/ros/jazzy/share/std_msgs/cmake)
-- Found ament_lint_auto: 0.17.2 (/opt/ros/jazzy/share/ament_lint_auto/cmake)
-- Added test 'cppcheck' to perform static code analysis on C / C++ code
-- Configured cppcheck include dirs: 
-- Configured cppcheck exclude dirs and/or files: 
-- Added test 'lint_cmake' to check CMake code style
-- Added test 'uncrustify' to check C / C++ code style
-- Configured uncrustify additional arguments: 
-- Added test 'xmllint' to check XML markup files
-- Configuring done (0.8s)
-- Generating done (0.0s)
-- Build files have been written to: /home/joeljebitto/workspace/01-ROS/01-BumperBot/build/bumper_bot_cpp_examples
[ 50%] [32mBuilding CXX object CMakeFiles/simple_publisher.dir/src/simple_publisher.cpp.o[0m
[100%] [32m[1mLinking CXX executable simple_publisher[0m
[100%] Built target simple_publisher
-- Install configuration: ""
-- Installing: /home/joeljebitto/workspace/01-ROS/01-BumperBot/install/lib/bumper_bot_cpp_examples/simple_publisher
-- Set non-toolchain portion of runtime path of "/home/joeljebitto/workspace/01-ROS/01-BumperBot/install/lib/bumper_bot_cpp_examples/simple_publisher" to ""
-- Installing: /home/joeljebitto/workspace/01-ROS/01-BumperBot/install/share/ament_index/resource_index/package_run_dependencies/bumper_bot_cpp_examples
-- Up-to-date: /home/joeljebitto/workspace/01-ROS/01-BumperBot/install/share/ament_index/resource_index/parent_prefix_path/bumper_bot_cpp_examples
-- Up-to-date: /home/joeljebitto/workspace/01-ROS/01-BumperBot/install/share/bumper_bot_cpp_examples/environment/ament_prefix_path.sh
-- Up-to-date: /home/joeljebitto/workspace/01-ROS/01-BumperBot/install/share/bumper_bot_cpp_examples/environment/ament_prefix_path.dsv
-- Up-to-date: /home/joeljebitto/workspace/01-ROS/01-BumperBot/install/share/bumper_bot_cpp_examples/environment/path.sh
-- Up-to-date: /home/joeljebitto/workspace/01-ROS/01-BumperBot/install/share/bumper_bot_cpp_examples/environment/path.dsv
-- Up-to-date: /home/joeljebitto/workspace/01-ROS/01-BumperBot/install/share/bumper_bot_cpp_examples/local_setup.bash
-- Up-to-date: /home/joeljebitto/workspace/01-ROS/01-BumperBot/install/share/bumper_bot_cpp_examples/local_setup.sh
-- Up-to-date: /home/joeljebitto/workspace/01-ROS/01-BumperBot/install/share/bumper_bot_cpp_examples/local_setup.zsh
-- Up-to-date: /home/joeljebitto/workspace/01-ROS/01-BumperBot/install/share/bumper_bot_cpp_examples/local_setup.dsv
-- Up-to-date: /home/joeljebitto/workspace/01-ROS/01-BumperBot/install/share/bumper_bot_cpp_examples/package.dsv
-- Up-to-date: /home/joeljebitto/workspace/01-ROS/01-BumperBot/install/share/ament_index/resource_index/packages/bumper_bot_cpp_examples
-- Up-to-date: /home/joeljebitto/workspace/01-ROS/01-BumperBot/install/share/bumper_bot_cpp_examples/cmake/bumper_bot_cpp_examplesConfig.cmake
-- Up-to-date: /home/joeljebitto/workspace/01-ROS/01-BumperBot/install/share/bumper_bot_cpp_examples/cmake/bumper_bot_cpp_examplesConfig-version.cmake
-- Installing: /home/joeljebitto/workspace/01-ROS/01-BumperBot/install/share/bumper_bot_cpp_examples/package.xml
