[0.189s] DEBUG:colcon:Command line arguments: ['/usr/bin/colcon', 'list', '-p', '--base-paths', '/home/joeljebitto/workspace/01-ROS/01-BumperBot']
[0.189s] DEBUG:colcon:Parsed command line arguments: Namespace(log_base=None, log_level=None, verb_name='list', build_base='build', ignore_user_meta=False, metas=['./colcon.meta'], base_paths=['/home/joeljebitto/workspace/01-ROS/01-BumperBot'], packages_ignore=None, packages_ignore_regex=None, paths=None, packages_up_to=None, packages_up_to_regex=None, packages_above=None, packages_above_and_dependencies=None, packages_above_depth=None, packages_select_by_dep=None, packages_skip_by_dep=None, packages_skip_up_to=None, packages_select_build_failed=False, packages_skip_build_finished=False, packages_select_test_failures=False, packages_skip_test_passed=False, packages_select=None, packages_skip=None, packages_select_regex=None, packages_skip_regex=None, packages_start=None, packages_end=None, allow_overriding=[], topological_order=False, names_only=False, paths_only=True, topological_graph=False, topological_graph_dot=False, topological_graph_density=False, topological_graph_legend=False, topological_graph_dot_cluster=False, topological_graph_dot_include_skipped=False, mixin_files=None, mixin=None, verb_parser=<colcon_mixin.mixin.mixin_argument.MixinArgumentDecorator object at 0x751159352ff0>, verb_extension=<colcon_package_information.verb.list.ListVerb object at 0x7511593520c0>, main=<bound method ListVerb.main of <colcon_package_information.verb.list.ListVerb object at 0x7511593520c0>>, mixin_verb=('list',))
[0.244s] Level 1:colcon.colcon_core.package_discovery:discover_packages(colcon_meta) check parameters
[0.244s] Level 1:colcon.colcon_core.package_discovery:discover_packages(recursive) check parameters
[0.244s] Level 1:colcon.colcon_core.package_discovery:discover_packages(ignore) check parameters
[0.244s] Level 1:colcon.colcon_core.package_discovery:discover_packages(path) check parameters
[0.244s] Level 1:colcon.colcon_core.package_discovery:discover_packages(recursive) discover
[0.244s] INFO:colcon.colcon_core.package_discovery:Crawling recursively for packages in '/home/joeljebitto/workspace/01-ROS/01-BumperBot'
[0.244s] Level 1:colcon.colcon_core.package_identification:_identify(/home/joeljebitto/workspace/01-ROS/01-BumperBot) by extensions ['ignore', 'ignore_ament_install']
[0.245s] Level 1:colcon.colcon_core.package_identification:_identify(/home/joeljebitto/workspace/01-ROS/01-BumperBot) by extension 'ignore'
[0.245s] Level 1:colcon.colcon_core.package_identification:_identify(/home/joeljebitto/workspace/01-ROS/01-BumperBot) by extension 'ignore_ament_install'
[0.245s] Level 1:colcon.colcon_core.package_identification:_identify(/home/joeljebitto/workspace/01-ROS/01-BumperBot) by extensions ['colcon_pkg']
[0.245s] Level 1:colcon.colcon_core.package_identification:_identify(/home/joeljebitto/workspace/01-ROS/01-BumperBot) by extension 'colcon_pkg'
[0.245s] Level 1:colcon.colcon_core.package_identification:_identify(/home/joeljebitto/workspace/01-ROS/01-BumperBot) by extensions ['colcon_meta']
[0.245s] Level 1:colcon.colcon_core.package_identification:_identify(/home/joeljebitto/workspace/01-ROS/01-BumperBot) by extension 'colcon_meta'
[0.245s] Level 1:colcon.colcon_core.package_identification:_identify(/home/joeljebitto/workspace/01-ROS/01-BumperBot) by extensions ['ros']
[0.245s] Level 1:colcon.colcon_core.package_identification:_identify(/home/joeljebitto/workspace/01-ROS/01-BumperBot) by extension 'ros'
[0.277s] Level 1:colcon.colcon_core.package_identification:_identify(/home/joeljebitto/workspace/01-ROS/01-BumperBot) by extensions ['cmake', 'python']
[0.277s] Level 1:colcon.colcon_core.package_identification:_identify(/home/joeljebitto/workspace/01-ROS/01-BumperBot) by extension 'cmake'
[0.277s] Level 1:colcon.colcon_core.package_identification:_identify(/home/joeljebitto/workspace/01-ROS/01-BumperBot) by extension 'python'
[0.277s] Level 1:colcon.colcon_core.package_identification:_identify(/home/joeljebitto/workspace/01-ROS/01-BumperBot) by extensions ['python_setup_py']
[0.277s] Level 1:colcon.colcon_core.package_identification:_identify(/home/joeljebitto/workspace/01-ROS/01-BumperBot) by extension 'python_setup_py'
[0.277s] Level 1:colcon.colcon_core.package_identification:_identify(/home/joeljebitto/workspace/01-ROS/01-BumperBot/build) by extensions ['ignore', 'ignore_ament_install']
[0.278s] Level 1:colcon.colcon_core.package_identification:_identify(/home/joeljebitto/workspace/01-ROS/01-BumperBot/build) by extension 'ignore'
[0.278s] Level 1:colcon.colcon_core.package_identification:_identify(/home/joeljebitto/workspace/01-ROS/01-BumperBot/build) ignored
[0.278s] Level 1:colcon.colcon_core.package_identification:_identify(/home/joeljebitto/workspace/01-ROS/01-BumperBot/install) by extensions ['ignore', 'ignore_ament_install']
[0.278s] Level 1:colcon.colcon_core.package_identification:_identify(/home/joeljebitto/workspace/01-ROS/01-BumperBot/install) by extension 'ignore'
[0.278s] Level 1:colcon.colcon_core.package_identification:_identify(/home/joeljebitto/workspace/01-ROS/01-BumperBot/install) ignored
[0.278s] Level 1:colcon.colcon_core.package_identification:_identify(/home/joeljebitto/workspace/01-ROS/01-BumperBot/log) by extensions ['ignore', 'ignore_ament_install']
[0.278s] Level 1:colcon.colcon_core.package_identification:_identify(/home/joeljebitto/workspace/01-ROS/01-BumperBot/log) by extension 'ignore'
[0.278s] Level 1:colcon.colcon_core.package_identification:_identify(/home/joeljebitto/workspace/01-ROS/01-BumperBot/log) ignored
[0.278s] Level 1:colcon.colcon_core.package_identification:_identify(/home/joeljebitto/workspace/01-ROS/01-BumperBot/src) by extensions ['ignore', 'ignore_ament_install']
[0.278s] Level 1:colcon.colcon_core.package_identification:_identify(/home/joeljebitto/workspace/01-ROS/01-BumperBot/src) by extension 'ignore'
[0.279s] Level 1:colcon.colcon_core.package_identification:_identify(/home/joeljebitto/workspace/01-ROS/01-BumperBot/src) by extension 'ignore_ament_install'
[0.279s] Level 1:colcon.colcon_core.package_identification:_identify(/home/joeljebitto/workspace/01-ROS/01-BumperBot/src) by extensions ['colcon_pkg']
[0.279s] Level 1:colcon.colcon_core.package_identification:_identify(/home/joeljebitto/workspace/01-ROS/01-BumperBot/src) by extension 'colcon_pkg'
[0.279s] Level 1:colcon.colcon_core.package_identification:_identify(/home/joeljebitto/workspace/01-ROS/01-BumperBot/src) by extensions ['colcon_meta']
[0.279s] Level 1:colcon.colcon_core.package_identification:_identify(/home/joeljebitto/workspace/01-ROS/01-BumperBot/src) by extension 'colcon_meta'
[0.279s] Level 1:colcon.colcon_core.package_identification:_identify(/home/joeljebitto/workspace/01-ROS/01-BumperBot/src) by extensions ['ros']
[0.279s] Level 1:colcon.colcon_core.package_identification:_identify(/home/joeljebitto/workspace/01-ROS/01-BumperBot/src) by extension 'ros'
[0.279s] Level 1:colcon.colcon_core.package_identification:_identify(/home/joeljebitto/workspace/01-ROS/01-BumperBot/src) by extensions ['cmake', 'python']
[0.279s] Level 1:colcon.colcon_core.package_identification:_identify(/home/joeljebitto/workspace/01-ROS/01-BumperBot/src) by extension 'cmake'
[0.279s] Level 1:colcon.colcon_core.package_identification:_identify(/home/joeljebitto/workspace/01-ROS/01-BumperBot/src) by extension 'python'
[0.279s] Level 1:colcon.colcon_core.package_identification:_identify(/home/joeljebitto/workspace/01-ROS/01-BumperBot/src) by extensions ['python_setup_py']
[0.279s] Level 1:colcon.colcon_core.package_identification:_identify(/home/joeljebitto/workspace/01-ROS/01-BumperBot/src) by extension 'python_setup_py'
[0.279s] Level 1:colcon.colcon_core.package_identification:_identify(/home/joeljebitto/workspace/01-ROS/01-BumperBot/src/bumper_bot_cpp_examples) by extensions ['ignore', 'ignore_ament_install']
[0.279s] Level 1:colcon.colcon_core.package_identification:_identify(/home/joeljebitto/workspace/01-ROS/01-BumperBot/src/bumper_bot_cpp_examples) by extension 'ignore'
[0.279s] Level 1:colcon.colcon_core.package_identification:_identify(/home/joeljebitto/workspace/01-ROS/01-BumperBot/src/bumper_bot_cpp_examples) by extension 'ignore_ament_install'
[0.280s] Level 1:colcon.colcon_core.package_identification:_identify(/home/joeljebitto/workspace/01-ROS/01-BumperBot/src/bumper_bot_cpp_examples) by extensions ['colcon_pkg']
[0.280s] Level 1:colcon.colcon_core.package_identification:_identify(/home/joeljebitto/workspace/01-ROS/01-BumperBot/src/bumper_bot_cpp_examples) by extension 'colcon_pkg'
[0.280s] Level 1:colcon.colcon_core.package_identification:_identify(/home/joeljebitto/workspace/01-ROS/01-BumperBot/src/bumper_bot_cpp_examples) by extensions ['colcon_meta']
[0.280s] Level 1:colcon.colcon_core.package_identification:_identify(/home/joeljebitto/workspace/01-ROS/01-BumperBot/src/bumper_bot_cpp_examples) by extension 'colcon_meta'
[0.280s] Level 1:colcon.colcon_core.package_identification:_identify(/home/joeljebitto/workspace/01-ROS/01-BumperBot/src/bumper_bot_cpp_examples) by extensions ['ros']
[0.280s] Level 1:colcon.colcon_core.package_identification:_identify(/home/joeljebitto/workspace/01-ROS/01-BumperBot/src/bumper_bot_cpp_examples) by extension 'ros'
[0.283s] DEBUG:colcon.colcon_core.package_identification:Package '/home/joeljebitto/workspace/01-ROS/01-BumperBot/src/bumper_bot_cpp_examples' with type 'ros.ament_cmake' and name 'bumper_bot_cpp_examples'
[0.283s] Level 1:colcon.colcon_core.package_identification:_identify(/home/joeljebitto/workspace/01-ROS/01-BumperBot/src/bumper_bot_py_examples) by extensions ['ignore', 'ignore_ament_install']
[0.283s] Level 1:colcon.colcon_core.package_identification:_identify(/home/joeljebitto/workspace/01-ROS/01-BumperBot/src/bumper_bot_py_examples) by extension 'ignore'
[0.283s] Level 1:colcon.colcon_core.package_identification:_identify(/home/joeljebitto/workspace/01-ROS/01-BumperBot/src/bumper_bot_py_examples) by extension 'ignore_ament_install'
[0.283s] Level 1:colcon.colcon_core.package_identification:_identify(/home/joeljebitto/workspace/01-ROS/01-BumperBot/src/bumper_bot_py_examples) by extensions ['colcon_pkg']
[0.283s] Level 1:colcon.colcon_core.package_identification:_identify(/home/joeljebitto/workspace/01-ROS/01-BumperBot/src/bumper_bot_py_examples) by extension 'colcon_pkg'
[0.283s] Level 1:colcon.colcon_core.package_identification:_identify(/home/joeljebitto/workspace/01-ROS/01-BumperBot/src/bumper_bot_py_examples) by extensions ['colcon_meta']
[0.283s] Level 1:colcon.colcon_core.package_identification:_identify(/home/joeljebitto/workspace/01-ROS/01-BumperBot/src/bumper_bot_py_examples) by extension 'colcon_meta'
[0.283s] Level 1:colcon.colcon_core.package_identification:_identify(/home/joeljebitto/workspace/01-ROS/01-BumperBot/src/bumper_bot_py_examples) by extensions ['ros']
[0.283s] Level 1:colcon.colcon_core.package_identification:_identify(/home/joeljebitto/workspace/01-ROS/01-BumperBot/src/bumper_bot_py_examples) by extension 'ros'
[0.284s] DEBUG:colcon.colcon_core.package_identification:Package '/home/joeljebitto/workspace/01-ROS/01-BumperBot/src/bumper_bot_py_examples' with type 'ros.ament_python' and name 'bumper_bot_py_examples'
[0.284s] Level 1:colcon.colcon_core.package_discovery:discover_packages(recursive) using defaults
