[0.139s] DEBUG:colcon:Command line arguments: ['/usr/bin/colcon', 'build', '--merge-install']
[0.139s] DEBUG:colcon:Parsed command line arguments: Namespace(log_base=None, log_level=None, verb_name='build', build_base='build', install_base='install', merge_install=True, symlink_install=False, test_result_base=None, continue_on_error=False, executor='parallel', parallel_workers=8, event_handlers=None, ignore_user_meta=False, metas=['./colcon.meta'], base_paths=['.'], packages_ignore=None, packages_ignore_regex=None, paths=None, packages_up_to=None, packages_up_to_regex=None, packages_above=None, packages_above_and_dependencies=None, packages_above_depth=None, packages_select_by_dep=None, packages_skip_by_dep=None, packages_skip_up_to=None, packages_select_build_failed=False, packages_skip_build_finished=False, packages_select_test_failures=False, packages_skip_test_passed=False, packages_select=None, packages_skip=None, packages_select_regex=None, packages_skip_regex=None, packages_start=None, packages_end=None, allow_overriding=[], cmake_args=None, cmake_target=None, cmake_target_skip_unavailable=False, cmake_clean_cache=False, cmake_clean_first=False, cmake_force_configure=False, ament_cmake_args=None, catkin_cmake_args=None, catkin_skip_building_tests=False, mixin_files=None, mixin=None, verb_parser=<colcon_mixin.mixin.mixin_argument.MixinArgumentDecorator object at 0x7a6f33196810>, verb_extension=<colcon_core.verb.build.BuildVerb object at 0x7a6f331964e0>, main=<bound method BuildVerb.main of <colcon_core.verb.build.BuildVerb object at 0x7a6f331964e0>>, mixin_verb=('build',))
[0.167s] Level 1:colcon.colcon_core.package_discovery:discover_packages(colcon_meta) check parameters
[0.167s] Level 1:colcon.colcon_core.package_discovery:discover_packages(recursive) check parameters
[0.167s] Level 1:colcon.colcon_core.package_discovery:discover_packages(ignore) check parameters
[0.167s] Level 1:colcon.colcon_core.package_discovery:discover_packages(path) check parameters
[0.167s] Level 1:colcon.colcon_core.package_discovery:discover_packages(colcon_meta) discover
[0.167s] Level 1:colcon.colcon_core.package_discovery:discover_packages(recursive) discover
[0.167s] INFO:colcon.colcon_core.package_discovery:Crawling recursively for packages in '/home/joeljebitto/workspace/01-ROS/01-BumperBot'
[0.167s] Level 1:colcon.colcon_core.package_identification:_identify(.) by extensions ['ignore', 'ignore_ament_install']
[0.167s] Level 1:colcon.colcon_core.package_identification:_identify(.) by extension 'ignore'
[0.167s] Level 1:colcon.colcon_core.package_identification:_identify(.) by extension 'ignore_ament_install'
[0.167s] Level 1:colcon.colcon_core.package_identification:_identify(.) by extensions ['colcon_pkg']
[0.167s] Level 1:colcon.colcon_core.package_identification:_identify(.) by extension 'colcon_pkg'
[0.168s] Level 1:colcon.colcon_core.package_identification:_identify(.) by extensions ['colcon_meta']
[0.168s] Level 1:colcon.colcon_core.package_identification:_identify(.) by extension 'colcon_meta'
[0.168s] Level 1:colcon.colcon_core.package_identification:_identify(.) by extensions ['ros']
[0.168s] Level 1:colcon.colcon_core.package_identification:_identify(.) by extension 'ros'
[0.186s] Level 1:colcon.colcon_core.package_identification:_identify(.) by extensions ['cmake', 'python']
[0.186s] Level 1:colcon.colcon_core.package_identification:_identify(.) by extension 'cmake'
[0.186s] Level 1:colcon.colcon_core.package_identification:_identify(.) by extension 'python'
[0.186s] Level 1:colcon.colcon_core.package_identification:_identify(.) by extensions ['python_setup_py']
[0.186s] Level 1:colcon.colcon_core.package_identification:_identify(.) by extension 'python_setup_py'
[0.186s] Level 1:colcon.colcon_core.package_identification:_identify(build) by extensions ['ignore', 'ignore_ament_install']
[0.186s] Level 1:colcon.colcon_core.package_identification:_identify(build) by extension 'ignore'
[0.186s] Level 1:colcon.colcon_core.package_identification:_identify(build) ignored
[0.186s] Level 1:colcon.colcon_core.package_identification:_identify(install) by extensions ['ignore', 'ignore_ament_install']
[0.186s] Level 1:colcon.colcon_core.package_identification:_identify(install) by extension 'ignore'
[0.186s] Level 1:colcon.colcon_core.package_identification:_identify(install) ignored
[0.186s] Level 1:colcon.colcon_core.package_identification:_identify(log) by extensions ['ignore', 'ignore_ament_install']
[0.186s] Level 1:colcon.colcon_core.package_identification:_identify(log) by extension 'ignore'
[0.186s] Level 1:colcon.colcon_core.package_identification:_identify(log) ignored
[0.186s] Level 1:colcon.colcon_core.package_identification:_identify(src) by extensions ['ignore', 'ignore_ament_install']
[0.187s] Level 1:colcon.colcon_core.package_identification:_identify(src) by extension 'ignore'
[0.187s] Level 1:colcon.colcon_core.package_identification:_identify(src) by extension 'ignore_ament_install'
[0.187s] Level 1:colcon.colcon_core.package_identification:_identify(src) by extensions ['colcon_pkg']
[0.187s] Level 1:colcon.colcon_core.package_identification:_identify(src) by extension 'colcon_pkg'
[0.187s] Level 1:colcon.colcon_core.package_identification:_identify(src) by extensions ['colcon_meta']
[0.187s] Level 1:colcon.colcon_core.package_identification:_identify(src) by extension 'colcon_meta'
[0.187s] Level 1:colcon.colcon_core.package_identification:_identify(src) by extensions ['ros']
[0.187s] Level 1:colcon.colcon_core.package_identification:_identify(src) by extension 'ros'
[0.187s] Level 1:colcon.colcon_core.package_identification:_identify(src) by extensions ['cmake', 'python']
[0.187s] Level 1:colcon.colcon_core.package_identification:_identify(src) by extension 'cmake'
[0.187s] Level 1:colcon.colcon_core.package_identification:_identify(src) by extension 'python'
[0.187s] Level 1:colcon.colcon_core.package_identification:_identify(src) by extensions ['python_setup_py']
[0.187s] Level 1:colcon.colcon_core.package_identification:_identify(src) by extension 'python_setup_py'
[0.187s] Level 1:colcon.colcon_core.package_identification:_identify(src/bumper_bot_cpp_examples) by extensions ['ignore', 'ignore_ament_install']
[0.187s] Level 1:colcon.colcon_core.package_identification:_identify(src/bumper_bot_cpp_examples) by extension 'ignore'
[0.187s] Level 1:colcon.colcon_core.package_identification:_identify(src/bumper_bot_cpp_examples) by extension 'ignore_ament_install'
[0.187s] Level 1:colcon.colcon_core.package_identification:_identify(src/bumper_bot_cpp_examples) by extensions ['colcon_pkg']
[0.187s] Level 1:colcon.colcon_core.package_identification:_identify(src/bumper_bot_cpp_examples) by extension 'colcon_pkg'
[0.187s] Level 1:colcon.colcon_core.package_identification:_identify(src/bumper_bot_cpp_examples) by extensions ['colcon_meta']
[0.187s] Level 1:colcon.colcon_core.package_identification:_identify(src/bumper_bot_cpp_examples) by extension 'colcon_meta'
[0.187s] Level 1:colcon.colcon_core.package_identification:_identify(src/bumper_bot_cpp_examples) by extensions ['ros']
[0.187s] Level 1:colcon.colcon_core.package_identification:_identify(src/bumper_bot_cpp_examples) by extension 'ros'
[0.189s] DEBUG:colcon.colcon_core.package_identification:Package 'src/bumper_bot_cpp_examples' with type 'ros.ament_cmake' and name 'bumper_bot_cpp_examples'
[0.189s] Level 1:colcon.colcon_core.package_identification:_identify(src/bumper_bot_py_examples) by extensions ['ignore', 'ignore_ament_install']
[0.189s] Level 1:colcon.colcon_core.package_identification:_identify(src/bumper_bot_py_examples) by extension 'ignore'
[0.189s] Level 1:colcon.colcon_core.package_identification:_identify(src/bumper_bot_py_examples) by extension 'ignore_ament_install'
[0.189s] Level 1:colcon.colcon_core.package_identification:_identify(src/bumper_bot_py_examples) by extensions ['colcon_pkg']
[0.189s] Level 1:colcon.colcon_core.package_identification:_identify(src/bumper_bot_py_examples) by extension 'colcon_pkg'
[0.189s] Level 1:colcon.colcon_core.package_identification:_identify(src/bumper_bot_py_examples) by extensions ['colcon_meta']
[0.189s] Level 1:colcon.colcon_core.package_identification:_identify(src/bumper_bot_py_examples) by extension 'colcon_meta'
[0.189s] Level 1:colcon.colcon_core.package_identification:_identify(src/bumper_bot_py_examples) by extensions ['ros']
[0.189s] Level 1:colcon.colcon_core.package_identification:_identify(src/bumper_bot_py_examples) by extension 'ros'
[0.190s] DEBUG:colcon.colcon_core.package_identification:Package 'src/bumper_bot_py_examples' with type 'ros.ament_python' and name 'bumper_bot_py_examples'
[0.190s] Level 1:colcon.colcon_core.package_discovery:discover_packages(recursive) using defaults
[0.190s] Level 1:colcon.colcon_core.package_discovery:discover_packages(ignore) discover
[0.190s] Level 1:colcon.colcon_core.package_discovery:discover_packages(ignore) using defaults
[0.190s] Level 1:colcon.colcon_core.package_discovery:discover_packages(path) discover
[0.190s] Level 1:colcon.colcon_core.package_discovery:discover_packages(path) using defaults
[0.202s] Level 1:colcon.colcon_core.package_discovery:discover_packages(prefix_path) check parameters
[0.202s] Level 1:colcon.colcon_core.package_discovery:discover_packages(prefix_path) discover
[0.204s] DEBUG:colcon.colcon_installed_package_information.package_discovery:Found 383 installed packages in /opt/ros/jazzy
[0.206s] Level 1:colcon.colcon_core.package_discovery:discover_packages(prefix_path) using defaults
[0.250s] Level 5:colcon.colcon_core.verb:set package 'bumper_bot_cpp_examples' build argument 'cmake_args' from command line to 'None'
[0.250s] Level 5:colcon.colcon_core.verb:set package 'bumper_bot_cpp_examples' build argument 'cmake_target' from command line to 'None'
[0.250s] Level 5:colcon.colcon_core.verb:set package 'bumper_bot_cpp_examples' build argument 'cmake_target_skip_unavailable' from command line to 'False'
[0.250s] Level 5:colcon.colcon_core.verb:set package 'bumper_bot_cpp_examples' build argument 'cmake_clean_cache' from command line to 'False'
[0.250s] Level 5:colcon.colcon_core.verb:set package 'bumper_bot_cpp_examples' build argument 'cmake_clean_first' from command line to 'False'
[0.250s] Level 5:colcon.colcon_core.verb:set package 'bumper_bot_cpp_examples' build argument 'cmake_force_configure' from command line to 'False'
[0.250s] Level 5:colcon.colcon_core.verb:set package 'bumper_bot_cpp_examples' build argument 'ament_cmake_args' from command line to 'None'
[0.250s] Level 5:colcon.colcon_core.verb:set package 'bumper_bot_cpp_examples' build argument 'catkin_cmake_args' from command line to 'None'
[0.250s] Level 5:colcon.colcon_core.verb:set package 'bumper_bot_cpp_examples' build argument 'catkin_skip_building_tests' from command line to 'False'
[0.250s] DEBUG:colcon.colcon_core.verb:Building package 'bumper_bot_cpp_examples' with the following arguments: {'ament_cmake_args': None, 'build_base': '/home/joeljebitto/workspace/01-ROS/01-BumperBot/build/bumper_bot_cpp_examples', 'catkin_cmake_args': None, 'catkin_skip_building_tests': False, 'cmake_args': None, 'cmake_clean_cache': False, 'cmake_clean_first': False, 'cmake_force_configure': False, 'cmake_target': None, 'cmake_target_skip_unavailable': False, 'install_base': '/home/joeljebitto/workspace/01-ROS/01-BumperBot/install', 'merge_install': True, 'path': '/home/joeljebitto/workspace/01-ROS/01-BumperBot/src/bumper_bot_cpp_examples', 'symlink_install': False, 'test_result_base': None}
[0.250s] Level 5:colcon.colcon_core.verb:set package 'bumper_bot_py_examples' build argument 'cmake_args' from command line to 'None'
[0.250s] Level 5:colcon.colcon_core.verb:set package 'bumper_bot_py_examples' build argument 'cmake_target' from command line to 'None'
[0.250s] Level 5:colcon.colcon_core.verb:set package 'bumper_bot_py_examples' build argument 'cmake_target_skip_unavailable' from command line to 'False'
[0.250s] Level 5:colcon.colcon_core.verb:set package 'bumper_bot_py_examples' build argument 'cmake_clean_cache' from command line to 'False'
[0.250s] Level 5:colcon.colcon_core.verb:set package 'bumper_bot_py_examples' build argument 'cmake_clean_first' from command line to 'False'
[0.250s] Level 5:colcon.colcon_core.verb:set package 'bumper_bot_py_examples' build argument 'cmake_force_configure' from command line to 'False'
[0.250s] Level 5:colcon.colcon_core.verb:set package 'bumper_bot_py_examples' build argument 'ament_cmake_args' from command line to 'None'
[0.251s] Level 5:colcon.colcon_core.verb:set package 'bumper_bot_py_examples' build argument 'catkin_cmake_args' from command line to 'None'
[0.251s] Level 5:colcon.colcon_core.verb:set package 'bumper_bot_py_examples' build argument 'catkin_skip_building_tests' from command line to 'False'
[0.251s] DEBUG:colcon.colcon_core.verb:Building package 'bumper_bot_py_examples' with the following arguments: {'ament_cmake_args': None, 'build_base': '/home/joeljebitto/workspace/01-ROS/01-BumperBot/build/bumper_bot_py_examples', 'catkin_cmake_args': None, 'catkin_skip_building_tests': False, 'cmake_args': None, 'cmake_clean_cache': False, 'cmake_clean_first': False, 'cmake_force_configure': False, 'cmake_target': None, 'cmake_target_skip_unavailable': False, 'install_base': '/home/joeljebitto/workspace/01-ROS/01-BumperBot/install', 'merge_install': True, 'path': '/home/joeljebitto/workspace/01-ROS/01-BumperBot/src/bumper_bot_py_examples', 'symlink_install': False, 'test_result_base': None}
[0.251s] INFO:colcon.colcon_core.executor:Executing jobs using 'parallel' executor
[0.252s] DEBUG:colcon.colcon_parallel_executor.executor.parallel:run_until_complete
[0.252s] INFO:colcon.colcon_ros.task.ament_cmake.build:Building ROS package in '/home/joeljebitto/workspace/01-ROS/01-BumperBot/src/bumper_bot_cpp_examples' with build type 'ament_cmake'
[0.252s] INFO:colcon.colcon_cmake.task.cmake.build:Building CMake package in '/home/joeljebitto/workspace/01-ROS/01-BumperBot/src/bumper_bot_cpp_examples'
[0.254s] INFO:colcon.colcon_core.plugin_system:Skipping extension 'colcon_core.shell.bat': Not used on non-Windows systems
[0.254s] INFO:colcon.colcon_core.shell:Skip shell extension 'powershell' for command environment: Not usable outside of PowerShell
[0.254s] DEBUG:colcon.colcon_core.shell:Skip shell extension 'dsv' for command environment
[0.258s] INFO:colcon.colcon_ros.task.ament_python.build:Building ROS package in '/home/joeljebitto/workspace/01-ROS/01-BumperBot/src/bumper_bot_py_examples' with build type 'ament_python'
[0.258s] Level 1:colcon.colcon_core.shell:create_environment_hook('bumper_bot_py_examples', 'ament_prefix_path')
[0.258s] INFO:colcon.colcon_core.shell:Creating environment hook '/home/joeljebitto/workspace/01-ROS/01-BumperBot/install/share/bumper_bot_py_examples/hook/ament_prefix_path.ps1'
[0.259s] INFO:colcon.colcon_core.shell:Creating environment descriptor '/home/joeljebitto/workspace/01-ROS/01-BumperBot/install/share/bumper_bot_py_examples/hook/ament_prefix_path.dsv'
[0.259s] INFO:colcon.colcon_core.shell:Creating environment hook '/home/joeljebitto/workspace/01-ROS/01-BumperBot/install/share/bumper_bot_py_examples/hook/ament_prefix_path.sh'
[0.260s] INFO:colcon.colcon_core.shell:Skip shell extension 'powershell' for command environment: Not usable outside of PowerShell
[0.260s] DEBUG:colcon.colcon_core.shell:Skip shell extension 'dsv' for command environment
[0.266s] DEBUG:colcon.colcon_core.event_handler.log_command:Invoking command in '/home/joeljebitto/workspace/01-ROS/01-BumperBot/build/bumper_bot_cpp_examples': CMAKE_PREFIX_PATH=${CMAKE_PREFIX_PATH}:/opt/ros/jazzy DEBUGINFOD_URLS=https://debuginfod.ubuntu.com /usr/bin/cmake /home/joeljebitto/workspace/01-ROS/01-BumperBot/src/bumper_bot_cpp_examples -DCMAKE_INSTALL_PREFIX=/home/joeljebitto/workspace/01-ROS/01-BumperBot/install
[0.597s] INFO:colcon.colcon_core.task.python.build:Building Python package in '/home/joeljebitto/workspace/01-ROS/01-BumperBot/src/bumper_bot_py_examples'
[0.597s] INFO:colcon.colcon_core.shell:Skip shell extension 'powershell' for command environment: Not usable outside of PowerShell
[0.597s] DEBUG:colcon.colcon_core.shell:Skip shell extension 'dsv' for command environment
[0.967s] DEBUG:colcon.colcon_core.event_handler.log_command:Invoked command in '/home/joeljebitto/workspace/01-ROS/01-BumperBot/build/bumper_bot_cpp_examples' returned '0': CMAKE_PREFIX_PATH=${CMAKE_PREFIX_PATH}:/opt/ros/jazzy DEBUGINFOD_URLS=https://debuginfod.ubuntu.com /usr/bin/cmake /home/joeljebitto/workspace/01-ROS/01-BumperBot/src/bumper_bot_cpp_examples -DCMAKE_INSTALL_PREFIX=/home/joeljebitto/workspace/01-ROS/01-BumperBot/install
[0.969s] DEBUG:colcon.colcon_core.event_handler.log_command:Invoking command in '/home/joeljebitto/workspace/01-ROS/01-BumperBot/build/bumper_bot_cpp_examples': CMAKE_PREFIX_PATH=${CMAKE_PREFIX_PATH}:/opt/ros/jazzy DEBUGINFOD_URLS=https://debuginfod.ubuntu.com /usr/bin/cmake --build /home/joeljebitto/workspace/01-ROS/01-BumperBot/build/bumper_bot_cpp_examples -- -j8 -l8
[0.998s] DEBUG:colcon.colcon_core.event_handler.log_command:Invoked command in '/home/joeljebitto/workspace/01-ROS/01-BumperBot/build/bumper_bot_cpp_examples' returned '0': CMAKE_PREFIX_PATH=${CMAKE_PREFIX_PATH}:/opt/ros/jazzy DEBUGINFOD_URLS=https://debuginfod.ubuntu.com /usr/bin/cmake --build /home/joeljebitto/workspace/01-ROS/01-BumperBot/build/bumper_bot_cpp_examples -- -j8 -l8
[1.006s] DEBUG:colcon.colcon_core.event_handler.log_command:Invoking command in '/home/joeljebitto/workspace/01-ROS/01-BumperBot/build/bumper_bot_cpp_examples': CMAKE_PREFIX_PATH=${CMAKE_PREFIX_PATH}:/opt/ros/jazzy DEBUGINFOD_URLS=https://debuginfod.ubuntu.com /usr/bin/cmake --install /home/joeljebitto/workspace/01-ROS/01-BumperBot/build/bumper_bot_cpp_examples
[1.015s] Level 1:colcon.colcon_core.environment:create_environment_scripts_only(bumper_bot_cpp_examples)
[1.016s] DEBUG:colcon.colcon_core.event_handler.log_command:Invoked command in '/home/joeljebitto/workspace/01-ROS/01-BumperBot/build/bumper_bot_cpp_examples' returned '0': CMAKE_PREFIX_PATH=${CMAKE_PREFIX_PATH}:/opt/ros/jazzy DEBUGINFOD_URLS=https://debuginfod.ubuntu.com /usr/bin/cmake --install /home/joeljebitto/workspace/01-ROS/01-BumperBot/build/bumper_bot_cpp_examples
[1.017s] Level 1:colcon.colcon_core.environment:checking '/home/joeljebitto/workspace/01-ROS/01-BumperBot/install' for CMake module files
[1.018s] Level 1:colcon.colcon_core.environment:checking '/home/joeljebitto/workspace/01-ROS/01-BumperBot/install' for CMake config files
[1.018s] Level 1:colcon.colcon_core.shell:create_environment_hook('bumper_bot_cpp_examples', 'cmake_prefix_path')
[1.018s] INFO:colcon.colcon_core.shell:Creating environment hook '/home/joeljebitto/workspace/01-ROS/01-BumperBot/install/share/bumper_bot_cpp_examples/hook/cmake_prefix_path.ps1'
[1.018s] INFO:colcon.colcon_core.shell:Creating environment descriptor '/home/joeljebitto/workspace/01-ROS/01-BumperBot/install/share/bumper_bot_cpp_examples/hook/cmake_prefix_path.dsv'
[1.019s] INFO:colcon.colcon_core.shell:Creating environment hook '/home/joeljebitto/workspace/01-ROS/01-BumperBot/install/share/bumper_bot_cpp_examples/hook/cmake_prefix_path.sh'
[1.019s] Level 1:colcon.colcon_core.environment:checking '/home/joeljebitto/workspace/01-ROS/01-BumperBot/install/lib'
[1.019s] Level 1:colcon.colcon_core.environment:checking '/home/joeljebitto/workspace/01-ROS/01-BumperBot/install/bin'
[1.019s] Level 1:colcon.colcon_core.environment:checking '/home/joeljebitto/workspace/01-ROS/01-BumperBot/install/lib/pkgconfig/bumper_bot_cpp_examples.pc'
[1.020s] Level 1:colcon.colcon_core.environment:checking '/home/joeljebitto/workspace/01-ROS/01-BumperBot/install/lib/python3.12/site-packages'
[1.020s] Level 1:colcon.colcon_core.shell:create_environment_hook('bumper_bot_cpp_examples', 'pythonpath')
[1.020s] INFO:colcon.colcon_core.shell:Creating environment hook '/home/joeljebitto/workspace/01-ROS/01-BumperBot/install/share/bumper_bot_cpp_examples/hook/pythonpath.ps1'
[1.020s] INFO:colcon.colcon_core.shell:Creating environment descriptor '/home/joeljebitto/workspace/01-ROS/01-BumperBot/install/share/bumper_bot_cpp_examples/hook/pythonpath.dsv'
[1.020s] INFO:colcon.colcon_core.shell:Creating environment hook '/home/joeljebitto/workspace/01-ROS/01-BumperBot/install/share/bumper_bot_cpp_examples/hook/pythonpath.sh'
[1.021s] Level 1:colcon.colcon_core.environment:checking '/home/joeljebitto/workspace/01-ROS/01-BumperBot/install/bin'
[1.021s] INFO:colcon.colcon_core.shell:Creating package script '/home/joeljebitto/workspace/01-ROS/01-BumperBot/install/share/bumper_bot_cpp_examples/package.ps1'
[1.021s] INFO:colcon.colcon_core.shell:Creating package descriptor '/home/joeljebitto/workspace/01-ROS/01-BumperBot/install/share/bumper_bot_cpp_examples/package.dsv'
[1.022s] INFO:colcon.colcon_core.shell:Creating package script '/home/joeljebitto/workspace/01-ROS/01-BumperBot/install/share/bumper_bot_cpp_examples/package.sh'
[1.023s] INFO:colcon.colcon_core.shell:Creating package script '/home/joeljebitto/workspace/01-ROS/01-BumperBot/install/share/bumper_bot_cpp_examples/package.bash'
[1.023s] INFO:colcon.colcon_core.shell:Creating package script '/home/joeljebitto/workspace/01-ROS/01-BumperBot/install/share/bumper_bot_cpp_examples/package.zsh'
[1.023s] Level 1:colcon.colcon_core.environment:create_file_with_runtime_dependencies(/home/joeljebitto/workspace/01-ROS/01-BumperBot/install/share/colcon-core/packages/bumper_bot_cpp_examples)
[1.024s] Level 1:colcon.colcon_core.environment:create_environment_scripts_only(bumper_bot_cpp_examples)
[1.024s] Level 1:colcon.colcon_core.environment:checking '/home/joeljebitto/workspace/01-ROS/01-BumperBot/install' for CMake module files
[1.024s] Level 1:colcon.colcon_core.environment:checking '/home/joeljebitto/workspace/01-ROS/01-BumperBot/install' for CMake config files
[1.025s] Level 1:colcon.colcon_core.shell:create_environment_hook('bumper_bot_cpp_examples', 'cmake_prefix_path')
[1.025s] INFO:colcon.colcon_core.shell:Creating environment hook '/home/joeljebitto/workspace/01-ROS/01-BumperBot/install/share/bumper_bot_cpp_examples/hook/cmake_prefix_path.ps1'
[1.025s] INFO:colcon.colcon_core.shell:Creating environment descriptor '/home/joeljebitto/workspace/01-ROS/01-BumperBot/install/share/bumper_bot_cpp_examples/hook/cmake_prefix_path.dsv'
[1.025s] INFO:colcon.colcon_core.shell:Creating environment hook '/home/joeljebitto/workspace/01-ROS/01-BumperBot/install/share/bumper_bot_cpp_examples/hook/cmake_prefix_path.sh'
[1.026s] Level 1:colcon.colcon_core.environment:checking '/home/joeljebitto/workspace/01-ROS/01-BumperBot/install/lib'
[1.026s] Level 1:colcon.colcon_core.environment:checking '/home/joeljebitto/workspace/01-ROS/01-BumperBot/install/bin'
[1.026s] Level 1:colcon.colcon_core.environment:checking '/home/joeljebitto/workspace/01-ROS/01-BumperBot/install/lib/pkgconfig/bumper_bot_cpp_examples.pc'
[1.026s] Level 1:colcon.colcon_core.environment:checking '/home/joeljebitto/workspace/01-ROS/01-BumperBot/install/lib/python3.12/site-packages'
[1.026s] Level 1:colcon.colcon_core.shell:create_environment_hook('bumper_bot_cpp_examples', 'pythonpath')
[1.026s] INFO:colcon.colcon_core.shell:Creating environment hook '/home/joeljebitto/workspace/01-ROS/01-BumperBot/install/share/bumper_bot_cpp_examples/hook/pythonpath.ps1'
[1.026s] INFO:colcon.colcon_core.shell:Creating environment descriptor '/home/joeljebitto/workspace/01-ROS/01-BumperBot/install/share/bumper_bot_cpp_examples/hook/pythonpath.dsv'
[1.027s] INFO:colcon.colcon_core.shell:Creating environment hook '/home/joeljebitto/workspace/01-ROS/01-BumperBot/install/share/bumper_bot_cpp_examples/hook/pythonpath.sh'
[1.027s] Level 1:colcon.colcon_core.environment:checking '/home/joeljebitto/workspace/01-ROS/01-BumperBot/install/bin'
[1.027s] INFO:colcon.colcon_core.shell:Creating package script '/home/joeljebitto/workspace/01-ROS/01-BumperBot/install/share/bumper_bot_cpp_examples/package.ps1'
[1.028s] INFO:colcon.colcon_core.shell:Creating package descriptor '/home/joeljebitto/workspace/01-ROS/01-BumperBot/install/share/bumper_bot_cpp_examples/package.dsv'
[1.028s] INFO:colcon.colcon_core.shell:Creating package script '/home/joeljebitto/workspace/01-ROS/01-BumperBot/install/share/bumper_bot_cpp_examples/package.sh'
[1.029s] INFO:colcon.colcon_core.shell:Creating package script '/home/joeljebitto/workspace/01-ROS/01-BumperBot/install/share/bumper_bot_cpp_examples/package.bash'
[1.029s] INFO:colcon.colcon_core.shell:Creating package script '/home/joeljebitto/workspace/01-ROS/01-BumperBot/install/share/bumper_bot_cpp_examples/package.zsh'
[1.029s] Level 1:colcon.colcon_core.environment:create_file_with_runtime_dependencies(/home/joeljebitto/workspace/01-ROS/01-BumperBot/install/share/colcon-core/packages/bumper_bot_cpp_examples)
[1.155s] DEBUG:colcon.colcon_core.event_handler.log_command:Invoking command in '/home/joeljebitto/workspace/01-ROS/01-BumperBot/src/bumper_bot_py_examples': DEBUGINFOD_URLS=https://debuginfod.ubuntu.com PYTHONPATH=/home/joeljebitto/workspace/01-ROS/01-BumperBot/build/bumper_bot_py_examples/prefix_override:/usr/lib/python3/dist-packages/colcon_core/task/python/colcon_distutils_commands:/home/joeljebitto/workspace/01-ROS/01-BumperBot/install/lib/python3.12/site-packages:${PYTHONPATH} /usr/bin/python3 -W ignore:setup.py install is deprecated -W ignore:easy_install command is deprecated setup.py egg_info --egg-base ../../build/bumper_bot_py_examples build --build-base /home/joeljebitto/workspace/01-ROS/01-BumperBot/build/bumper_bot_py_examples/build install --record /home/joeljebitto/workspace/01-ROS/01-BumperBot/build/bumper_bot_py_examples/install.log --single-version-externally-managed install_data
[1.641s] Level 1:colcon.colcon_core.environment:checking '/home/joeljebitto/workspace/01-ROS/01-BumperBot/install' for CMake module files
[1.641s] DEBUG:colcon.colcon_core.event_handler.log_command:Invoked command in '/home/joeljebitto/workspace/01-ROS/01-BumperBot/src/bumper_bot_py_examples' returned '0': DEBUGINFOD_URLS=https://debuginfod.ubuntu.com PYTHONPATH=/home/joeljebitto/workspace/01-ROS/01-BumperBot/build/bumper_bot_py_examples/prefix_override:/usr/lib/python3/dist-packages/colcon_core/task/python/colcon_distutils_commands:/home/joeljebitto/workspace/01-ROS/01-BumperBot/install/lib/python3.12/site-packages:${PYTHONPATH} /usr/bin/python3 -W ignore:setup.py install is deprecated -W ignore:easy_install command is deprecated setup.py egg_info --egg-base ../../build/bumper_bot_py_examples build --build-base /home/joeljebitto/workspace/01-ROS/01-BumperBot/build/bumper_bot_py_examples/build install --record /home/joeljebitto/workspace/01-ROS/01-BumperBot/build/bumper_bot_py_examples/install.log --single-version-externally-managed install_data
[1.641s] Level 1:colcon.colcon_core.environment:checking '/home/joeljebitto/workspace/01-ROS/01-BumperBot/install' for CMake config files
[1.642s] Level 1:colcon.colcon_core.shell:create_environment_hook('bumper_bot_py_examples', 'cmake_prefix_path')
[1.642s] INFO:colcon.colcon_core.shell:Creating environment hook '/home/joeljebitto/workspace/01-ROS/01-BumperBot/install/share/bumper_bot_py_examples/hook/cmake_prefix_path.ps1'
[1.642s] INFO:colcon.colcon_core.shell:Creating environment descriptor '/home/joeljebitto/workspace/01-ROS/01-BumperBot/install/share/bumper_bot_py_examples/hook/cmake_prefix_path.dsv'
[1.642s] INFO:colcon.colcon_core.shell:Creating environment hook '/home/joeljebitto/workspace/01-ROS/01-BumperBot/install/share/bumper_bot_py_examples/hook/cmake_prefix_path.sh'
[1.643s] Level 1:colcon.colcon_core.environment:checking '/home/joeljebitto/workspace/01-ROS/01-BumperBot/install/lib'
[1.643s] Level 1:colcon.colcon_core.environment:checking '/home/joeljebitto/workspace/01-ROS/01-BumperBot/install/bin'
[1.643s] Level 1:colcon.colcon_core.environment:checking '/home/joeljebitto/workspace/01-ROS/01-BumperBot/install/lib/pkgconfig/bumper_bot_py_examples.pc'
[1.643s] Level 1:colcon.colcon_core.environment:checking '/home/joeljebitto/workspace/01-ROS/01-BumperBot/install/lib/python3.12/site-packages'
[1.643s] Level 1:colcon.colcon_core.shell:create_environment_hook('bumper_bot_py_examples', 'pythonpath')
[1.643s] INFO:colcon.colcon_core.shell:Creating environment hook '/home/joeljebitto/workspace/01-ROS/01-BumperBot/install/share/bumper_bot_py_examples/hook/pythonpath.ps1'
[1.643s] INFO:colcon.colcon_core.shell:Creating environment descriptor '/home/joeljebitto/workspace/01-ROS/01-BumperBot/install/share/bumper_bot_py_examples/hook/pythonpath.dsv'
[1.644s] INFO:colcon.colcon_core.shell:Creating environment hook '/home/joeljebitto/workspace/01-ROS/01-BumperBot/install/share/bumper_bot_py_examples/hook/pythonpath.sh'
[1.644s] Level 1:colcon.colcon_core.environment:checking '/home/joeljebitto/workspace/01-ROS/01-BumperBot/install/bin'
[1.644s] Level 1:colcon.colcon_core.environment:create_environment_scripts_only(bumper_bot_py_examples)
[1.644s] INFO:colcon.colcon_core.shell:Creating package script '/home/joeljebitto/workspace/01-ROS/01-BumperBot/install/share/bumper_bot_py_examples/package.ps1'
[1.645s] INFO:colcon.colcon_core.shell:Creating package descriptor '/home/joeljebitto/workspace/01-ROS/01-BumperBot/install/share/bumper_bot_py_examples/package.dsv'
[1.645s] INFO:colcon.colcon_core.shell:Creating package script '/home/joeljebitto/workspace/01-ROS/01-BumperBot/install/share/bumper_bot_py_examples/package.sh'
[1.645s] INFO:colcon.colcon_core.shell:Creating package script '/home/joeljebitto/workspace/01-ROS/01-BumperBot/install/share/bumper_bot_py_examples/package.bash'
[1.645s] INFO:colcon.colcon_core.shell:Creating package script '/home/joeljebitto/workspace/01-ROS/01-BumperBot/install/share/bumper_bot_py_examples/package.zsh'
[1.646s] Level 1:colcon.colcon_core.environment:create_file_with_runtime_dependencies(/home/joeljebitto/workspace/01-ROS/01-BumperBot/install/share/colcon-core/packages/bumper_bot_py_examples)
[1.646s] DEBUG:colcon.colcon_parallel_executor.executor.parallel:closing loop
[1.646s] DEBUG:colcon.colcon_parallel_executor.executor.parallel:loop closed
[1.646s] DEBUG:colcon.colcon_parallel_executor.executor.parallel:run_until_complete finished with '0'
[1.646s] DEBUG:colcon.colcon_core.event_reactor:joining thread
[1.651s] INFO:colcon.colcon_core.plugin_system:Skipping extension 'colcon_notification.desktop_notification.terminal_notifier': Not used on non-Darwin systems
[1.651s] INFO:colcon.colcon_core.plugin_system:Skipping extension 'colcon_notification.desktop_notification.win32': Not used on non-Windows systems
[1.651s] INFO:colcon.colcon_notification.desktop_notification:Sending desktop notification using 'notify2'
[1.660s] DEBUG:colcon.colcon_core.event_reactor:joined thread
[1.660s] INFO:colcon.colcon_core.shell:Creating prefix script '/home/joeljebitto/workspace/01-ROS/01-BumperBot/install/local_setup.ps1'
[1.660s] INFO:colcon.colcon_core.shell:Creating prefix util module '/home/joeljebitto/workspace/01-ROS/01-BumperBot/install/_local_setup_util_ps1.py'
[1.661s] INFO:colcon.colcon_core.shell:Creating prefix chain script '/home/joeljebitto/workspace/01-ROS/01-BumperBot/install/setup.ps1'
[1.662s] INFO:colcon.colcon_core.shell:Creating prefix script '/home/joeljebitto/workspace/01-ROS/01-BumperBot/install/local_setup.sh'
[1.663s] INFO:colcon.colcon_core.shell:Creating prefix util module '/home/joeljebitto/workspace/01-ROS/01-BumperBot/install/_local_setup_util_sh.py'
[1.663s] INFO:colcon.colcon_core.shell:Creating prefix chain script '/home/joeljebitto/workspace/01-ROS/01-BumperBot/install/setup.sh'
[1.664s] INFO:colcon.colcon_core.shell:Creating prefix script '/home/joeljebitto/workspace/01-ROS/01-BumperBot/install/local_setup.bash'
[1.665s] INFO:colcon.colcon_core.shell:Creating prefix chain script '/home/joeljebitto/workspace/01-ROS/01-BumperBot/install/setup.bash'
[1.665s] INFO:colcon.colcon_core.shell:Creating prefix script '/home/joeljebitto/workspace/01-ROS/01-BumperBot/install/local_setup.zsh'
[1.666s] INFO:colcon.colcon_core.shell:Creating prefix chain script '/home/joeljebitto/workspace/01-ROS/01-BumperBot/install/setup.zsh'
